> Task :app:preBuild UP-TO-DATE
> Task :app:preDebugBuild UP-TO-DATE
> Task :app:checkKotlinGradlePluginConfigurationErrors SKIPPED
> Task :app:generateDebugBuildConfig UP-TO-DATE
> Task :core:data:preBuild UP-TO-DATE
> Task :core:data:preDebugBuild UP-TO-DATE
> Task :core:data:writeDebugAarMetadata UP-TO-DATE
> Task :core:designsystem:preBuild UP-TO-DATE
> Task :core:designsystem:preDebugBuild UP-TO-DATE
> Task :core:designsystem:writeDebugAarMetadata UP-TO-DATE
> Task :core:domain:preBuild UP-TO-DATE
> Task :core:domain:preDebugBuild UP-TO-DATE
> Task :core:domain:writeDebugAarMetadata UP-TO-DATE
> Task :app:checkDebugAarMetadata UP-TO-DATE
> Task :core:data:processDebugNavigationResources UP-TO-DATE
> Task :core:designsystem:processDebugNavigationResources UP-TO-DATE
> Task :core:domain:processDebugNavigationResources UP-TO-DATE
> Task :app:processDebugNavigationResources UP-TO-DATE
> Task :app:compileDebugNavigationResources UP-TO-DATE
> Task :app:generateDebugResValues UP-TO-DATE
> Task :app:injectCrashlyticsMappingFileIdDebug UP-TO-DATE
> Task :app:processDebugGoogleServices UP-TO-DATE
> Task :core:data:generateDebugResValues UP-TO-DATE
> Task :core:data:generateDebugResources UP-TO-DATE
> Task :core:data:packageDebugResources UP-TO-DATE
> Task :core:designsystem:generateDebugResValues UP-TO-DATE
> Task :core:designsystem:generateDebugResources UP-TO-DATE
> Task :core:designsystem:packageDebugResources UP-TO-DATE
> Task :core:domain:generateDebugResValues UP-TO-DATE
> Task :core:domain:generateDebugResources UP-TO-DATE
> Task :core:domain:packageDebugResources UP-TO-DATE
> Task :app:mapDebugSourceSetPaths UP-TO-DATE
> Task :app:generateDebugResources UP-TO-DATE
> Task :app:mergeDebugResources UP-TO-DATE
> Task :app:packageDebugResources UP-TO-DATE
> Task :app:parseDebugLocalResources UP-TO-DATE
> Task :app:createDebugCompatibleScreenManifests UP-TO-DATE
> Task :app:extractDeepLinksDebug UP-TO-DATE
> Task :core:data:extractDeepLinksDebug UP-TO-DATE
> Task :core:data:processDebugManifest UP-TO-DATE
> Task :core:designsystem:extractDeepLinksDebug UP-TO-DATE
> Task :core:designsystem:processDebugManifest UP-TO-DATE
> Task :core:domain:extractDeepLinksDebug UP-TO-DATE
> Task :core:domain:processDebugManifest UP-TO-DATE
> Task :app:processDebugMainManifest UP-TO-DATE
> Task :app:processDebugManifest UP-TO-DATE
> Task :app:processDebugManifestForPackage UP-TO-DATE
> Task :core:data:compileDebugLibraryResources UP-TO-DATE
> Task :core:data:parseDebugLocalResources UP-TO-DATE
> Task :core:data:generateDebugRFile UP-TO-DATE
> Task :core:designsystem:compileDebugLibraryResources UP-TO-DATE
> Task :core:designsystem:parseDebugLocalResources UP-TO-DATE
> Task :core:designsystem:generateDebugRFile UP-TO-DATE
> Task :core:domain:compileDebugLibraryResources UP-TO-DATE
> Task :core:domain:parseDebugLocalResources UP-TO-DATE
> Task :core:domain:generateDebugRFile UP-TO-DATE
> Task :app:processDebugResources UP-TO-DATE
> Task :core:data:checkKotlinGradlePluginConfigurationErrors SKIPPED
> Task :core:data:generateDebugBuildConfig UP-TO-DATE
> Task :core:domain:checkKotlinGradlePluginConfigurationErrors SKIPPED
> Task :core:domain:kspDebugKotlin UP-TO-DATE
> Task :core:domain:compileDebugKotlin UP-TO-DATE
> Task :core:domain:javaPreCompileDebug UP-TO-DATE
> Task :core:domain:compileDebugJavaWithJavac UP-TO-DATE
> Task :core:domain:bundleLibCompileToJarDebug UP-TO-DATE
> Task :core:data:kspDebugKotlin UP-TO-DATE
> Task :core:data:compileDebugKotlin UP-TO-DATE
> Task :core:data:javaPreCompileDebug UP-TO-DATE
> Task :core:data:compileDebugJavaWithJavac UP-TO-DATE
> Task :core:data:bundleLibCompileToJarDebug UP-TO-DATE
> Task :core:designsystem:checkKotlinGradlePluginConfigurationErrors SKIPPED
> Task :core:designsystem:compileDebugKotlin UP-TO-DATE
> Task :core:designsystem:javaPreCompileDebug UP-TO-DATE
> Task :core:designsystem:compileDebugJavaWithJavac NO-SOURCE
> Task :core:designsystem:bundleLibCompileToJarDebug UP-TO-DATE
> Task :app:kspDebugKotlin UP-TO-DATE
> Task :app:compileDebugKotlin UP-TO-DATE
> Task :app:javaPreCompileDebug UP-TO-DATE
> Task :app:compileDebugJavaWithJavac UP-TO-DATE
> Task :core:designsystem:bundleLibRuntimeToJarDebug UP-TO-DATE
> Task :core:data:bundleLibRuntimeToJarDebug UP-TO-DATE
> Task :core:domain:bundleLibRuntimeToJarDebug UP-TO-DATE
> Task :app:preDebugUnitTestBuild UP-TO-DATE
> Task :app:hiltAggregateDepsDebug UP-TO-DATE
> Task :app:hiltJavaCompileDebug UP-TO-DATE
> Task :app:transformDebugClassesWithAsm UP-TO-DATE
> Task :app:bundleDebugClassesToRuntimeJar UP-TO-DATE
> Task :app:processDebugJavaRes UP-TO-DATE
> Task :app:bundleDebugClassesToCompileJar UP-TO-DATE
> Task :app:javaPreCompileDebugUnitTest UP-TO-DATE
> Task :core:data:processDebugJavaRes UP-TO-DATE
> Task :core:designsystem:processDebugJavaRes UP-TO-DATE
> Task :core:domain:processDebugJavaRes UP-TO-DATE
> Task :app:preReleaseBuild UP-TO-DATE
> Task :app:buildKotlinToolingMetadata UP-TO-DATE
> Task :app:generateReleaseBuildConfig UP-TO-DATE
> Task :core:data:preReleaseBuild UP-TO-DATE
> Task :core:data:writeReleaseAarMetadata UP-TO-DATE
> Task :core:designsystem:preReleaseBuild UP-TO-DATE
> Task :core:designsystem:writeReleaseAarMetadata UP-TO-DATE
> Task :core:domain:preReleaseBuild UP-TO-DATE
> Task :core:domain:writeReleaseAarMetadata UP-TO-DATE
> Task :app:checkReleaseAarMetadata UP-TO-DATE
> Task :core:data:processReleaseNavigationResources UP-TO-DATE
> Task :core:designsystem:processReleaseNavigationResources UP-TO-DATE
> Task :core:domain:processReleaseNavigationResources UP-TO-DATE
> Task :app:processReleaseNavigationResources UP-TO-DATE
> Task :app:compileReleaseNavigationResources UP-TO-DATE
> Task :app:generateReleaseResValues UP-TO-DATE
> Task :app:injectCrashlyticsMappingFileIdRelease
> Task :app:processReleaseGoogleServices UP-TO-DATE
> Task :core:data:generateReleaseResValues UP-TO-DATE
> Task :core:data:generateReleaseResources UP-TO-DATE
> Task :core:data:packageReleaseResources UP-TO-DATE
> Task :core:designsystem:generateReleaseResValues UP-TO-DATE
> Task :core:designsystem:generateReleaseResources UP-TO-DATE
> Task :core:designsystem:packageReleaseResources UP-TO-DATE
> Task :core:domain:generateReleaseResValues UP-TO-DATE
> Task :core:domain:generateReleaseResources UP-TO-DATE
> Task :core:domain:packageReleaseResources UP-TO-DATE
> Task :app:mapReleaseSourceSetPaths UP-TO-DATE
> Task :app:generateReleaseResources UP-TO-DATE
> Task :app:packageReleaseResources
> Task :app:parseReleaseLocalResources
> Task :app:createReleaseCompatibleScreenManifests UP-TO-DATE
> Task :app:extractDeepLinksRelease UP-TO-DATE
> Task :core:data:extractDeepLinksRelease UP-TO-DATE
> Task :core:data:processReleaseManifest UP-TO-DATE
> Task :core:designsystem:extractDeepLinksRelease UP-TO-DATE
> Task :core:designsystem:processReleaseManifest UP-TO-DATE
> Task :core:domain:extractDeepLinksRelease UP-TO-DATE
> Task :core:domain:processReleaseManifest UP-TO-DATE
> Task :app:processReleaseMainManifest UP-TO-DATE
> Task :app:processReleaseManifest UP-TO-DATE
> Task :app:processReleaseManifestForPackage UP-TO-DATE
> Task :core:data:parseReleaseLocalResources UP-TO-DATE
> Task :core:data:generateReleaseRFile UP-TO-DATE
> Task :core:designsystem:parseReleaseLocalResources UP-TO-DATE
> Task :core:designsystem:generateReleaseRFile UP-TO-DATE
> Task :core:domain:parseReleaseLocalResources UP-TO-DATE
> Task :core:domain:generateReleaseRFile UP-TO-DATE
> Task :core:data:generateReleaseBuildConfig UP-TO-DATE
> Task :core:domain:kspReleaseKotlin UP-TO-DATE
> Task :core:domain:compileReleaseKotlin UP-TO-DATE
> Task :core:domain:javaPreCompileRelease UP-TO-DATE
> Task :core:domain:compileReleaseJavaWithJavac UP-TO-DATE
> Task :core:domain:bundleLibCompileToJarRelease UP-TO-DATE
> Task :core:data:kspReleaseKotlin UP-TO-DATE
> Task :core:data:compileReleaseKotlin UP-TO-DATE
> Task :core:data:javaPreCompileRelease UP-TO-DATE
> Task :core:data:compileReleaseJavaWithJavac UP-TO-DATE
> Task :core:data:bundleLibCompileToJarRelease UP-TO-DATE
> Task :core:designsystem:compileReleaseKotlin UP-TO-DATE
> Task :core:designsystem:javaPreCompileRelease UP-TO-DATE
> Task :core:designsystem:compileReleaseJavaWithJavac NO-SOURCE
> Task :core:designsystem:bundleLibCompileToJarRelease UP-TO-DATE
> Task :app:javaPreCompileRelease UP-TO-DATE
> Task :core:designsystem:bundleLibRuntimeToJarRelease UP-TO-DATE
> Task :core:data:bundleLibRuntimeToJarRelease UP-TO-DATE
> Task :core:domain:bundleLibRuntimeToJarRelease UP-TO-DATE
> Task :app:preReleaseUnitTestBuild UP-TO-DATE
> Task :app:javaPreCompileReleaseUnitTest UP-TO-DATE
> Task :core:data:processReleaseJavaRes UP-TO-DATE
> Task :core:designsystem:processReleaseJavaRes UP-TO-DATE
> Task :core:domain:processReleaseJavaRes UP-TO-DATE
> Task :lint:checkKotlinGradlePluginConfigurationErrors SKIPPED
> Task :app:mergeReleaseResources
> Task :lint:compileKotlin UP-TO-DATE
> Task :lint:compileJava NO-SOURCE
> Task :lint:processResources UP-TO-DATE
> Task :lint:classes UP-TO-DATE
> Task :lint:jar UP-TO-DATE
> Task :lint:compileTestKotlin UP-TO-DATE
> Task :lint:compileTestJava NO-SOURCE
> Task :lint:processTestResources NO-SOURCE
> Task :lint:testClasses UP-TO-DATE
> Task :lint:test UP-TO-DATE
> Task :core:common:checkKotlinGradlePluginConfigurationErrors SKIPPED
> Task :core:common:preBuild UP-TO-DATE
> Task :core:common:preDebugBuild UP-TO-DATE
> Task :core:common:generateDebugResValues UP-TO-DATE
> Task :core:common:generateDebugResources UP-TO-DATE
> Task :core:common:packageDebugResources UP-TO-DATE
> Task :core:common:processDebugNavigationResources UP-TO-DATE
> Task :core:common:parseDebugLocalResources UP-TO-DATE
> Task :core:common:generateDebugRFile UP-TO-DATE
> Task :core:common:compileDebugKotlin NO-SOURCE
> Task :core:common:javaPreCompileDebug UP-TO-DATE
> Task :core:common:compileDebugJavaWithJavac NO-SOURCE
> Task :core:common:bundleLibRuntimeToJarDebug UP-TO-DATE
> Task :core:common:bundleLibCompileToJarDebug UP-TO-DATE
> Task :core:common:preDebugUnitTestBuild UP-TO-DATE
> Task :core:common:generateDebugUnitTestStubRFile UP-TO-DATE
> Task :core:common:compileDebugUnitTestKotlin UP-TO-DATE
> Task :core:common:javaPreCompileDebugUnitTest UP-TO-DATE
> Task :core:common:compileDebugUnitTestJavaWithJavac NO-SOURCE
> Task :core:common:processDebugJavaRes NO-SOURCE
> Task :core:common:processDebugUnitTestJavaRes UP-TO-DATE
> Task :core:common:testDebugUnitTest UP-TO-DATE
> Task :core:common:preReleaseBuild UP-TO-DATE
> Task :core:common:generateReleaseResValues UP-TO-DATE
> Task :core:common:generateReleaseResources UP-TO-DATE
> Task :core:common:packageReleaseResources UP-TO-DATE
> Task :core:common:processReleaseNavigationResources UP-TO-DATE
> Task :core:common:parseReleaseLocalResources UP-TO-DATE
> Task :core:common:generateReleaseRFile UP-TO-DATE
> Task :app:kspDebugUnitTestKotlin
> Task :core:common:compileReleaseKotlin NO-SOURCE
> Task :core:common:javaPreCompileRelease UP-TO-DATE
> Task :core:common:compileReleaseJavaWithJavac NO-SOURCE
> Task :core:common:bundleLibRuntimeToJarRelease UP-TO-DATE
> Task :core:common:bundleLibCompileToJarRelease UP-TO-DATE
> Task :core:common:preReleaseUnitTestBuild UP-TO-DATE
> Task :core:common:generateReleaseUnitTestStubRFile UP-TO-DATE
> Task :core:common:compileReleaseUnitTestKotlin UP-TO-DATE
> Task :core:common:javaPreCompileReleaseUnitTest UP-TO-DATE
> Task :core:common:compileReleaseUnitTestJavaWithJavac NO-SOURCE
> Task :core:common:processReleaseJavaRes NO-SOURCE
> Task :core:common:processReleaseUnitTestJavaRes UP-TO-DATE
> Task :core:common:testReleaseUnitTest UP-TO-DATE
> Task :core:common:test UP-TO-DATE
> Task :core:data:preDebugUnitTestBuild UP-TO-DATE
> Task :core:data:checkDebugUnitTestAarMetadata UP-TO-DATE
> Task :core:data:generateDebugUnitTestResValues UP-TO-DATE
> Task :core:data:mapDebugUnitTestSourceSetPaths UP-TO-DATE
> Task :core:data:generateDebugUnitTestResources UP-TO-DATE
> Task :core:data:mergeDebugUnitTestResources UP-TO-DATE
> Task :core:data:processDebugUnitTestManifest UP-TO-DATE
> Task :core:data:processDebugUnitTestResources UP-TO-DATE
> Task :core:data:kspDebugUnitTestKotlin UP-TO-DATE
> Task :core:data:javaPreCompileDebugUnitTest UP-TO-DATE
> Task :core:data:generateDebugUnitTestAssets UP-TO-DATE
> Task :core:data:mergeDebugShaders UP-TO-DATE
> Task :core:data:compileDebugShaders NO-SOURCE
> Task :core:data:generateDebugAssets UP-TO-DATE
> Task :core:data:mergeDebugAssets UP-TO-DATE
> Task :core:domain:mergeDebugShaders UP-TO-DATE
> Task :core:domain:compileDebugShaders NO-SOURCE
> Task :core:domain:generateDebugAssets UP-TO-DATE
> Task :core:domain:mergeDebugAssets UP-TO-DATE
> Task :core:data:mergeDebugUnitTestAssets UP-TO-DATE
> Task :core:data:packageDebugUnitTestForUnitTest UP-TO-DATE
> Task :core:data:generateDebugUnitTestConfig UP-TO-DATE
> Task :core:data:preReleaseUnitTestBuild UP-TO-DATE
> Task :core:data:checkReleaseUnitTestAarMetadata UP-TO-DATE
> Task :core:data:compileReleaseLibraryResources UP-TO-DATE
> Task :core:data:generateReleaseUnitTestResValues UP-TO-DATE
> Task :core:data:mapReleaseUnitTestSourceSetPaths UP-TO-DATE
> Task :core:data:generateReleaseUnitTestResources UP-TO-DATE
> Task :core:data:mergeReleaseUnitTestResources UP-TO-DATE
> Task :core:data:processReleaseUnitTestManifest UP-TO-DATE
> Task :core:domain:compileReleaseLibraryResources UP-TO-DATE
> Task :core:data:processReleaseUnitTestResources UP-TO-DATE
> Task :core:data:kspReleaseUnitTestKotlin UP-TO-DATE
> Task :core:data:javaPreCompileReleaseUnitTest UP-TO-DATE
> Task :core:data:generateReleaseUnitTestAssets UP-TO-DATE
> Task :core:data:mergeReleaseShaders UP-TO-DATE
> Task :core:data:compileReleaseShaders NO-SOURCE
> Task :core:data:generateReleaseAssets UP-TO-DATE
> Task :core:data:mergeReleaseAssets UP-TO-DATE
> Task :core:domain:mergeReleaseShaders UP-TO-DATE
> Task :core:domain:compileReleaseShaders NO-SOURCE
> Task :core:domain:generateReleaseAssets UP-TO-DATE
> Task :core:domain:mergeReleaseAssets UP-TO-DATE
> Task :core:data:mergeReleaseUnitTestAssets UP-TO-DATE
> Task :core:data:packageReleaseUnitTestForUnitTest UP-TO-DATE
> Task :core:data:generateReleaseUnitTestConfig UP-TO-DATE
> Task :core:designsystem:preDebugUnitTestBuild UP-TO-DATE
> Task :core:designsystem:generateDebugUnitTestStubRFile UP-TO-DATE
> Task :core:designsystem:compileDebugUnitTestKotlin UP-TO-DATE
> Task :core:designsystem:javaPreCompileDebugUnitTest UP-TO-DATE
> Task :core:designsystem:compileDebugUnitTestJavaWithJavac NO-SOURCE
> Task :core:designsystem:processDebugUnitTestJavaRes UP-TO-DATE
> Task :core:designsystem:testDebugUnitTest UP-TO-DATE
> Task :core:designsystem:preReleaseUnitTestBuild UP-TO-DATE
> Task :core:designsystem:generateReleaseUnitTestStubRFile UP-TO-DATE
> Task :core:designsystem:compileReleaseUnitTestKotlin UP-TO-DATE
> Task :core:designsystem:javaPreCompileReleaseUnitTest UP-TO-DATE
> Task :core:designsystem:compileReleaseUnitTestJavaWithJavac NO-SOURCE
> Task :core:designsystem:processReleaseUnitTestJavaRes UP-TO-DATE
> Task :core:designsystem:testReleaseUnitTest UP-TO-DATE
> Task :core:designsystem:test UP-TO-DATE
> Task :core:domain:preDebugUnitTestBuild UP-TO-DATE
> Task :core:domain:generateDebugUnitTestStubRFile UP-TO-DATE
> Task :core:domain:kspDebugUnitTestKotlin UP-TO-DATE
> Task :core:domain:compileDebugUnitTestKotlin UP-TO-DATE
> Task :core:domain:javaPreCompileDebugUnitTest UP-TO-DATE
> Task :core:domain:compileDebugUnitTestJavaWithJavac NO-SOURCE
> Task :core:domain:processDebugUnitTestJavaRes UP-TO-DATE
> Task :app:processReleaseResources
> Task :core:domain:testDebugUnitTest UP-TO-DATE
> Task :app:kspReleaseKotlin UP-TO-DATE
> Task :app:compileReleaseKotlin UP-TO-DATE
> Task :app:compileReleaseJavaWithJavac UP-TO-DATE
> Task :app:hiltAggregateDepsRelease UP-TO-DATE
> Task :app:hiltJavaCompileRelease UP-TO-DATE
> Task :app:transformReleaseClassesWithAsm UP-TO-DATE
> Task :app:bundleReleaseClassesToRuntimeJar UP-TO-DATE
> Task :app:processReleaseJavaRes UP-TO-DATE
> Task :app:bundleReleaseClassesToCompileJar UP-TO-DATE
> Task :core:domain:preReleaseUnitTestBuild UP-TO-DATE
> Task :core:domain:generateReleaseUnitTestStubRFile UP-TO-DATE
> Task :core:domain:kspReleaseUnitTestKotlin UP-TO-DATE
> Task :core:domain:compileReleaseUnitTestKotlin UP-TO-DATE
> Task :core:domain:javaPreCompileReleaseUnitTest UP-TO-DATE
> Task :core:domain:compileReleaseUnitTestJavaWithJavac NO-SOURCE
> Task :core:domain:processReleaseUnitTestJavaRes UP-TO-DATE
> Task :core:domain:testReleaseUnitTest UP-TO-DATE
> Task :core:domain:test UP-TO-DATE
> Task :app:kspReleaseUnitTestKotlin
> Task :core:data:compileDebugUnitTestKotlin
> Task :core:data:compileReleaseUnitTestKotlin
> Task :core:data:compileDebugUnitTestJavaWithJavac NO-SOURCE
> Task :core:data:processDebugUnitTestJavaRes
OpenJDK 64-Bit Server VM warning: Sharing is only supported for boot loader classes because bootstrap classpath has been appended

> Task :app:compileDebugUnitTestKotlin
w: file:///Users/sunil/Downloads/SSBMax/app/src/test/kotlin/com/ssbmax/testing/MemoryLeakDetectionTest.kt:4:8 'class Fragment : Any, ComponentCallbacks2, View.OnCreateContextMenuListener' is deprecated. Deprecated in Java.
w: file:///Users/sunil/Downloads/SSBMax/app/src/test/kotlin/com/ssbmax/testing/MemoryLeakDetectionTest.kt:286:17 'class Fragment : Any, ComponentCallbacks2, View.OnCreateContextMenuListener' is deprecated. Deprecated in Java.

> Task :app:compileReleaseUnitTestKotlin
w: file:///Users/sunil/Downloads/SSBMax/app/src/test/kotlin/com/ssbmax/testing/MemoryLeakDetectionTest.kt:4:8 'class Fragment : Any, ComponentCallbacks2, View.OnCreateContextMenuListener' is deprecated. Deprecated in Java.
w: file:///Users/sunil/Downloads/SSBMax/app/src/test/kotlin/com/ssbmax/testing/MemoryLeakDetectionTest.kt:286:17 'class Fragment : Any, ComponentCallbacks2, View.OnCreateContextMenuListener' is deprecated. Deprecated in Java.
OpenJDK 64-Bit Server VM warning: Sharing is only supported for boot loader classes because bootstrap classpath has been appended

> Task :core:data:testDebugUnitTest
> Task :app:compileDebugUnitTestJavaWithJavac NO-SOURCE
> Task :app:compileReleaseUnitTestJavaWithJavac NO-SOURCE
> Task :app:hiltAggregateDepsDebugUnitTest
> Task :app:hiltJavaCompileDebugUnitTest NO-SOURCE
> Task :app:hiltAggregateDepsReleaseUnitTest
> Task :app:processDebugUnitTestJavaRes
> Task :app:hiltJavaCompileReleaseUnitTest NO-SOURCE
> Task :app:processReleaseUnitTestJavaRes
> Task :core:data:compileReleaseUnitTestJavaWithJavac NO-SOURCE
> Task :core:data:processReleaseUnitTestJavaRes
> Task :app:transformReleaseUnitTestClassesWithAsm
> Task :app:transformDebugUnitTestClassesWithAsm
OpenJDK 64-Bit Server VM warning: Sharing is only supported for boot loader classes because bootstrap classpath has been appended
OpenJDK 64-Bit Server VM warning: Sharing is only supported for boot loader classes because bootstrap classpath has been appended
> Task :core:data:testReleaseUnitTest
OpenJDK 64-Bit Server VM warning: Sharing is only supported for boot loader classes because bootstrap classpath has been appended
OpenJDK 64-Bit Server VM warning: Sharing is only supported for boot loader classes because bootstrap classpath has been appended
OpenJDK 64-Bit Server VM warning: Sharing is only supported for boot loader classes because bootstrap classpath has been appended

> Task :app:testDebugUnitTest

TestResultHandlerTest > premium_srt_navigates_to_result FAILED
    java.lang.RuntimeException at TestResultHandlerTest.kt:21

TestResultHandlerTest > free_srt_navigates_to_pending_review FAILED
    java.lang.RuntimeException at TestResultHandlerTest.kt:38

TestResultHandlerTest > piq_always_navigates_to_result FAILED
    java.lang.RuntimeException at TestResultHandlerTest.kt:55

SDTTestViewModelTest > submitTest records subscription usage FAILED
    java.lang.AssertionError at SDTTestViewModelTest.kt:187

SDTTestViewModelTest > submitTest creates submission with AI score FAILED
    java.lang.AssertionError at SDTTestViewModelTest.kt:166

SRTTestViewModelTest > submitTest with all skipped situations records 0 percent score FAILED
    java.lang.AssertionError at SRTTestViewModelTest.kt:620

SRTTestViewModelTest > submitTest records subscription usage FAILED
    java.lang.AssertionError at SRTTestViewModelTest.kt:583

SRTTestViewModelTest > submitTest records performance analytics with correct score FAILED
    java.lang.AssertionError at SRTTestViewModelTest.kt:536

SRTTestViewModelTest > submitTest with all valid responses records 100 percent score FAILED
    java.lang.AssertionError at SRTTestViewModelTest.kt:663

WATTestViewModelTest > submitTest records subscription usage FAILED
    java.lang.AssertionError at WATTestViewModelTest.kt:537

WATTestViewModelTest > submitTest with all skipped words records 0 percent score FAILED
    java.lang.AssertionError at WATTestViewModelTest.kt:572

WATTestViewModelTest > submitTest records performance analytics with correct score FAILED
    java.lang.AssertionError at WATTestViewModelTest.kt:492

WATTestViewModelTest > submitTest with all valid responses records 100 percent score FAILED
    java.lang.AssertionError at WATTestViewModelTest.kt:613

ArchivalWorkerTest > archival worker retries on failure FAILED
    java.lang.IllegalStateException at ArchivalWorkerTest.kt:48

ArchivalWorkerTest > archival worker succeeds when archival completes FAILED
    java.lang.IllegalStateException at ArchivalWorkerTest.kt:35

ArchivalWorkerTest > archival worker fails after max retries FAILED
    java.lang.IllegalStateException at ArchivalWorkerTest.kt:63

576 tests completed, 16 failed

> Task :app:testDebugUnitTest FAILED
OpenJDK 64-Bit Server VM warning: Sharing is only supported for boot loader classes because bootstrap classpath has been appended
OpenJDK 64-Bit Server VM warning: Sharing is only supported for boot loader classes because bootstrap classpath has been appended
OpenJDK 64-Bit Server VM warning: Sharing is only supported for boot loader classes because bootstrap classpath has been appended

> Task :app:testReleaseUnitTest

TestResultHandlerTest > premium_srt_navigates_to_result FAILED
    java.lang.RuntimeException at TestResultHandlerTest.kt:21

TestResultHandlerTest > free_srt_navigates_to_pending_review FAILED
    java.lang.RuntimeException at TestResultHandlerTest.kt:38

TestResultHandlerTest > piq_always_navigates_to_result FAILED
    java.lang.RuntimeException at TestResultHandlerTest.kt:55

SDTTestViewModelTest > submitTest records subscription usage FAILED
    java.lang.AssertionError at SDTTestViewModelTest.kt:187

SDTTestViewModelTest > submitTest creates submission with AI score FAILED
    java.lang.AssertionError at SDTTestViewModelTest.kt:166

SRTTestViewModelTest > submitTest with all skipped situations records 0 percent score FAILED
    java.lang.AssertionError at SRTTestViewModelTest.kt:620

SRTTestViewModelTest > submitTest records subscription usage FAILED
    java.lang.AssertionError at SRTTestViewModelTest.kt:583

SRTTestViewModelTest > submitTest records performance analytics with correct score FAILED
    java.lang.AssertionError at SRTTestViewModelTest.kt:536

SRTTestViewModelTest > submitTest with all valid responses records 100 percent score FAILED
    java.lang.AssertionError at SRTTestViewModelTest.kt:663

WATTestViewModelTest > submitTest records subscription usage FAILED
    java.lang.AssertionError at WATTestViewModelTest.kt:537

WATTestViewModelTest > submitTest with all skipped words records 0 percent score FAILED
    java.lang.AssertionError at WATTestViewModelTest.kt:572

WATTestViewModelTest > submitTest records performance analytics with correct score FAILED
    java.lang.AssertionError at WATTestViewModelTest.kt:492

WATTestViewModelTest > submitTest with all valid responses records 100 percent score FAILED
    java.lang.AssertionError at WATTestViewModelTest.kt:613

ArchivalWorkerTest > archival worker retries on failure FAILED
    java.lang.IllegalStateException at ArchivalWorkerTest.kt:48

ArchivalWorkerTest > archival worker succeeds when archival completes FAILED
    java.lang.IllegalStateException at ArchivalWorkerTest.kt:35

ArchivalWorkerTest > archival worker fails after max retries FAILED
    java.lang.IllegalStateException at ArchivalWorkerTest.kt:63

576 tests completed, 16 failed

> Task :app:testReleaseUnitTest FAILED
> Task :core:data:test

FAILURE: Build completed with 2 failures.

1: Task failed with an exception.
-----------
* What went wrong:
Execution failed for task ':app:testDebugUnitTest'.
> There were failing tests. See the report at: file:///Users/sunil/Downloads/SSBMax/app/build/reports/tests/testDebugUnitTest/index.html

* Try:
> Run with --scan to get full insights.
==============================================================================

2: Task failed with an exception.
-----------
* What went wrong:
Execution failed for task ':app:testReleaseUnitTest'.
> There were failing tests. See the report at: file:///Users/sunil/Downloads/SSBMax/app/build/reports/tests/testReleaseUnitTest/index.html

* Try:
> Run with --scan to get full insights.
==============================================================================

BUILD FAILED in 1m 23s
263 actionable tasks: 23 executed, 240 up-to-date
