> Task :app:preBuild UP-TO-DATE
> Task :app:preDebugBuild UP-TO-DATE
> Task :app:checkKotlinGradlePluginConfigurationErrors SKIPPED
> Task :app:generateDebugBuildConfig UP-TO-DATE
> Task :core:data:preBuild UP-TO-DATE
> Task :core:data:preDebugBuild UP-TO-DATE
> Task :core:data:writeDebugAarMetadata UP-TO-DATE
> Task :core:designsystem:preBuild UP-TO-DATE
> Task :core:designsystem:preDebugBuild UP-TO-DATE
> Task :core:designsystem:writeDebugAarMetadata UP-TO-DATE
> Task :core:domain:preBuild UP-TO-DATE
> Task :core:domain:preDebugBuild UP-TO-DATE
> Task :core:domain:writeDebugAarMetadata UP-TO-DATE
> Task :app:checkDebugAarMetadata UP-TO-DATE
> Task :core:data:processDebugNavigationResources UP-TO-DATE
> Task :core:designsystem:processDebugNavigationResources UP-TO-DATE
> Task :core:domain:processDebugNavigationResources UP-TO-DATE
> Task :app:processDebugNavigationResources UP-TO-DATE
> Task :app:compileDebugNavigationResources UP-TO-DATE
> Task :app:generateDebugResValues UP-TO-DATE
> Task :app:injectCrashlyticsMappingFileIdDebug UP-TO-DATE
> Task :app:processDebugGoogleServices UP-TO-DATE
> Task :core:data:generateDebugResValues UP-TO-DATE
> Task :core:data:generateDebugResources UP-TO-DATE
> Task :core:data:packageDebugResources UP-TO-DATE
> Task :core:designsystem:generateDebugResValues UP-TO-DATE
> Task :core:designsystem:generateDebugResources UP-TO-DATE
> Task :core:designsystem:packageDebugResources UP-TO-DATE
> Task :core:domain:generateDebugResValues UP-TO-DATE
> Task :core:domain:generateDebugResources UP-TO-DATE
> Task :core:domain:packageDebugResources UP-TO-DATE
> Task :app:mapDebugSourceSetPaths UP-TO-DATE
> Task :app:generateDebugResources UP-TO-DATE
> Task :app:mergeDebugResources UP-TO-DATE
> Task :app:packageDebugResources UP-TO-DATE
> Task :app:parseDebugLocalResources UP-TO-DATE
> Task :app:createDebugCompatibleScreenManifests UP-TO-DATE
> Task :app:extractDeepLinksDebug UP-TO-DATE
> Task :core:data:extractDeepLinksDebug UP-TO-DATE
> Task :core:data:processDebugManifest UP-TO-DATE
> Task :core:designsystem:extractDeepLinksDebug UP-TO-DATE
> Task :core:designsystem:processDebugManifest UP-TO-DATE
> Task :core:domain:extractDeepLinksDebug UP-TO-DATE
> Task :core:domain:processDebugManifest UP-TO-DATE
> Task :app:processDebugMainManifest UP-TO-DATE
> Task :app:processDebugManifest UP-TO-DATE
> Task :app:processDebugManifestForPackage UP-TO-DATE
> Task :core:data:compileDebugLibraryResources UP-TO-DATE
> Task :core:data:parseDebugLocalResources UP-TO-DATE
> Task :core:data:generateDebugRFile UP-TO-DATE
> Task :core:designsystem:compileDebugLibraryResources UP-TO-DATE
> Task :core:designsystem:parseDebugLocalResources UP-TO-DATE
> Task :core:designsystem:generateDebugRFile UP-TO-DATE
> Task :core:domain:compileDebugLibraryResources UP-TO-DATE
> Task :core:domain:parseDebugLocalResources UP-TO-DATE
> Task :core:domain:generateDebugRFile UP-TO-DATE
> Task :app:processDebugResources UP-TO-DATE
> Task :core:data:checkKotlinGradlePluginConfigurationErrors SKIPPED
> Task :core:data:generateDebugBuildConfig UP-TO-DATE
> Task :core:domain:checkKotlinGradlePluginConfigurationErrors SKIPPED
> Task :core:domain:kspDebugKotlin UP-TO-DATE
> Task :core:domain:compileDebugKotlin UP-TO-DATE
> Task :core:domain:javaPreCompileDebug UP-TO-DATE
> Task :core:domain:compileDebugJavaWithJavac UP-TO-DATE
> Task :core:domain:bundleLibCompileToJarDebug UP-TO-DATE
> Task :core:data:kspDebugKotlin UP-TO-DATE
> Task :core:data:compileDebugKotlin UP-TO-DATE
> Task :core:data:javaPreCompileDebug UP-TO-DATE
> Task :core:data:compileDebugJavaWithJavac UP-TO-DATE
> Task :core:data:bundleLibCompileToJarDebug UP-TO-DATE
> Task :core:designsystem:checkKotlinGradlePluginConfigurationErrors SKIPPED
> Task :core:designsystem:compileDebugKotlin UP-TO-DATE
> Task :core:designsystem:javaPreCompileDebug UP-TO-DATE
> Task :core:designsystem:compileDebugJavaWithJavac NO-SOURCE
> Task :core:designsystem:bundleLibCompileToJarDebug UP-TO-DATE
> Task :app:javaPreCompileDebug UP-TO-DATE
> Task :core:designsystem:bundleLibRuntimeToJarDebug UP-TO-DATE
> Task :core:data:bundleLibRuntimeToJarDebug UP-TO-DATE
> Task :core:domain:bundleLibRuntimeToJarDebug UP-TO-DATE
> Task :app:preDebugUnitTestBuild UP-TO-DATE
> Task :app:javaPreCompileDebugUnitTest UP-TO-DATE
> Task :core:data:processDebugJavaRes UP-TO-DATE
> Task :core:designsystem:processDebugJavaRes UP-TO-DATE
> Task :core:domain:processDebugJavaRes UP-TO-DATE
> Task :app:preReleaseBuild UP-TO-DATE
> Task :app:buildKotlinToolingMetadata UP-TO-DATE
> Task :app:generateReleaseBuildConfig UP-TO-DATE
> Task :core:data:preReleaseBuild UP-TO-DATE
> Task :core:data:writeReleaseAarMetadata UP-TO-DATE
> Task :core:designsystem:preReleaseBuild UP-TO-DATE
> Task :core:designsystem:writeReleaseAarMetadata UP-TO-DATE
> Task :core:domain:preReleaseBuild UP-TO-DATE
> Task :core:domain:writeReleaseAarMetadata UP-TO-DATE
> Task :app:checkReleaseAarMetadata UP-TO-DATE
> Task :core:data:processReleaseNavigationResources UP-TO-DATE
> Task :core:designsystem:processReleaseNavigationResources UP-TO-DATE
> Task :core:domain:processReleaseNavigationResources UP-TO-DATE
> Task :app:processReleaseNavigationResources UP-TO-DATE
> Task :app:compileReleaseNavigationResources UP-TO-DATE
> Task :app:generateReleaseResValues UP-TO-DATE
> Task :app:injectCrashlyticsMappingFileIdRelease
> Task :app:processReleaseGoogleServices UP-TO-DATE
> Task :core:data:generateReleaseResValues UP-TO-DATE
> Task :core:data:generateReleaseResources UP-TO-DATE
> Task :core:data:packageReleaseResources UP-TO-DATE
> Task :core:designsystem:generateReleaseResValues UP-TO-DATE
> Task :core:designsystem:generateReleaseResources UP-TO-DATE
> Task :core:designsystem:packageReleaseResources UP-TO-DATE
> Task :core:domain:generateReleaseResValues UP-TO-DATE
> Task :core:domain:generateReleaseResources UP-TO-DATE
> Task :core:domain:packageReleaseResources UP-TO-DATE
> Task :app:mapReleaseSourceSetPaths UP-TO-DATE
> Task :app:generateReleaseResources UP-TO-DATE
> Task :app:packageReleaseResources
> Task :app:createReleaseCompatibleScreenManifests UP-TO-DATE
> Task :app:extractDeepLinksRelease UP-TO-DATE
> Task :core:data:extractDeepLinksRelease UP-TO-DATE
> Task :core:data:processReleaseManifest UP-TO-DATE
> Task :core:designsystem:extractDeepLinksRelease UP-TO-DATE
> Task :core:designsystem:processReleaseManifest UP-TO-DATE
> Task :core:domain:extractDeepLinksRelease UP-TO-DATE
> Task :core:domain:processReleaseManifest UP-TO-DATE
> Task :app:processReleaseMainManifest UP-TO-DATE
> Task :app:processReleaseManifest UP-TO-DATE
> Task :app:processReleaseManifestForPackage UP-TO-DATE
> Task :core:data:parseReleaseLocalResources UP-TO-DATE
> Task :core:data:generateReleaseRFile UP-TO-DATE
> Task :core:designsystem:parseReleaseLocalResources UP-TO-DATE
> Task :core:designsystem:generateReleaseRFile UP-TO-DATE
> Task :core:domain:parseReleaseLocalResources UP-TO-DATE
> Task :core:domain:generateReleaseRFile UP-TO-DATE
> Task :core:data:generateReleaseBuildConfig UP-TO-DATE
> Task :core:domain:kspReleaseKotlin UP-TO-DATE
> Task :core:domain:compileReleaseKotlin UP-TO-DATE
> Task :core:domain:javaPreCompileRelease UP-TO-DATE
> Task :core:domain:compileReleaseJavaWithJavac UP-TO-DATE
> Task :core:domain:bundleLibCompileToJarRelease UP-TO-DATE
> Task :core:data:kspReleaseKotlin UP-TO-DATE
> Task :core:data:compileReleaseKotlin UP-TO-DATE
> Task :core:data:javaPreCompileRelease UP-TO-DATE
> Task :core:data:compileReleaseJavaWithJavac UP-TO-DATE
> Task :core:data:bundleLibCompileToJarRelease UP-TO-DATE
> Task :core:designsystem:compileReleaseKotlin UP-TO-DATE
> Task :core:designsystem:javaPreCompileRelease UP-TO-DATE
> Task :core:designsystem:compileReleaseJavaWithJavac NO-SOURCE
> Task :core:designsystem:bundleLibCompileToJarRelease UP-TO-DATE
> Task :app:javaPreCompileRelease UP-TO-DATE
> Task :core:designsystem:bundleLibRuntimeToJarRelease UP-TO-DATE
> Task :core:data:bundleLibRuntimeToJarRelease UP-TO-DATE
> Task :core:domain:bundleLibRuntimeToJarRelease UP-TO-DATE
> Task :app:preReleaseUnitTestBuild UP-TO-DATE
> Task :app:javaPreCompileReleaseUnitTest UP-TO-DATE
> Task :core:data:processReleaseJavaRes UP-TO-DATE
> Task :core:designsystem:processReleaseJavaRes UP-TO-DATE
> Task :core:domain:processReleaseJavaRes UP-TO-DATE
> Task :lint:checkKotlinGradlePluginConfigurationErrors SKIPPED
> Task :lint:compileKotlin UP-TO-DATE
> Task :lint:compileJava NO-SOURCE
> Task :lint:processResources UP-TO-DATE
> Task :lint:classes UP-TO-DATE
> Task :lint:jar UP-TO-DATE
> Task :app:parseReleaseLocalResources
> Task :lint:compileTestKotlin UP-TO-DATE
> Task :lint:compileTestJava NO-SOURCE
> Task :lint:processTestResources NO-SOURCE
> Task :lint:testClasses UP-TO-DATE
> Task :lint:test UP-TO-DATE
> Task :core:common:checkKotlinGradlePluginConfigurationErrors SKIPPED
> Task :core:common:preBuild UP-TO-DATE
> Task :core:common:preDebugBuild UP-TO-DATE
> Task :core:common:generateDebugResValues UP-TO-DATE
> Task :core:common:generateDebugResources UP-TO-DATE
> Task :core:common:packageDebugResources UP-TO-DATE
> Task :core:common:processDebugNavigationResources UP-TO-DATE
> Task :core:common:parseDebugLocalResources UP-TO-DATE
> Task :core:common:generateDebugRFile UP-TO-DATE
> Task :core:common:compileDebugKotlin NO-SOURCE
> Task :core:common:javaPreCompileDebug UP-TO-DATE
> Task :core:common:compileDebugJavaWithJavac NO-SOURCE
> Task :core:common:bundleLibRuntimeToJarDebug UP-TO-DATE
> Task :core:common:bundleLibCompileToJarDebug UP-TO-DATE
> Task :core:common:preDebugUnitTestBuild UP-TO-DATE
> Task :core:common:generateDebugUnitTestStubRFile UP-TO-DATE
> Task :core:common:compileDebugUnitTestKotlin UP-TO-DATE
> Task :core:common:javaPreCompileDebugUnitTest UP-TO-DATE
> Task :core:common:compileDebugUnitTestJavaWithJavac NO-SOURCE
> Task :core:common:processDebugJavaRes NO-SOURCE
> Task :core:common:processDebugUnitTestJavaRes UP-TO-DATE
> Task :core:common:testDebugUnitTest UP-TO-DATE
> Task :core:common:preReleaseBuild UP-TO-DATE
> Task :core:common:generateReleaseResValues UP-TO-DATE
> Task :core:common:generateReleaseResources UP-TO-DATE
> Task :core:common:packageReleaseResources UP-TO-DATE
> Task :core:common:processReleaseNavigationResources UP-TO-DATE
> Task :core:common:parseReleaseLocalResources UP-TO-DATE
> Task :core:common:generateReleaseRFile UP-TO-DATE
> Task :core:common:compileReleaseKotlin NO-SOURCE
> Task :app:mergeReleaseResources
> Task :core:common:javaPreCompileRelease UP-TO-DATE
> Task :core:common:compileReleaseJavaWithJavac NO-SOURCE
> Task :core:common:bundleLibRuntimeToJarRelease UP-TO-DATE
> Task :core:common:bundleLibCompileToJarRelease UP-TO-DATE
> Task :core:common:preReleaseUnitTestBuild UP-TO-DATE
> Task :core:common:generateReleaseUnitTestStubRFile UP-TO-DATE
> Task :core:common:compileReleaseUnitTestKotlin UP-TO-DATE
> Task :core:common:javaPreCompileReleaseUnitTest UP-TO-DATE
> Task :core:common:compileReleaseUnitTestJavaWithJavac NO-SOURCE
> Task :core:common:processReleaseJavaRes NO-SOURCE
> Task :core:common:processReleaseUnitTestJavaRes UP-TO-DATE
> Task :core:common:testReleaseUnitTest UP-TO-DATE
> Task :core:common:test UP-TO-DATE
> Task :core:data:preDebugUnitTestBuild UP-TO-DATE
> Task :core:data:checkDebugUnitTestAarMetadata UP-TO-DATE
> Task :core:data:generateDebugUnitTestResValues UP-TO-DATE
> Task :core:data:mapDebugUnitTestSourceSetPaths UP-TO-DATE
> Task :core:data:generateDebugUnitTestResources UP-TO-DATE
> Task :core:data:mergeDebugUnitTestResources UP-TO-DATE
> Task :core:data:processDebugUnitTestManifest UP-TO-DATE
> Task :core:data:processDebugUnitTestResources UP-TO-DATE
> Task :core:data:kspDebugUnitTestKotlin UP-TO-DATE
> Task :core:data:javaPreCompileDebugUnitTest UP-TO-DATE
> Task :core:data:generateDebugUnitTestAssets UP-TO-DATE
> Task :core:data:mergeDebugShaders UP-TO-DATE
> Task :core:data:compileDebugShaders NO-SOURCE
> Task :core:data:generateDebugAssets UP-TO-DATE
> Task :core:data:mergeDebugAssets UP-TO-DATE
> Task :core:domain:mergeDebugShaders UP-TO-DATE
> Task :core:domain:compileDebugShaders NO-SOURCE
> Task :core:domain:generateDebugAssets UP-TO-DATE
> Task :core:domain:mergeDebugAssets UP-TO-DATE
> Task :core:data:mergeDebugUnitTestAssets UP-TO-DATE
> Task :core:data:packageDebugUnitTestForUnitTest UP-TO-DATE
> Task :core:data:generateDebugUnitTestConfig UP-TO-DATE
> Task :core:data:preReleaseUnitTestBuild UP-TO-DATE
> Task :core:data:checkReleaseUnitTestAarMetadata UP-TO-DATE
> Task :core:data:compileReleaseLibraryResources UP-TO-DATE
> Task :core:data:generateReleaseUnitTestResValues UP-TO-DATE
> Task :core:data:mapReleaseUnitTestSourceSetPaths UP-TO-DATE
> Task :core:data:generateReleaseUnitTestResources UP-TO-DATE
> Task :core:data:mergeReleaseUnitTestResources UP-TO-DATE
> Task :core:data:processReleaseUnitTestManifest UP-TO-DATE
> Task :core:domain:compileReleaseLibraryResources UP-TO-DATE
> Task :core:data:processReleaseUnitTestResources UP-TO-DATE
> Task :core:data:kspReleaseUnitTestKotlin UP-TO-DATE
> Task :core:data:javaPreCompileReleaseUnitTest UP-TO-DATE
> Task :core:data:generateReleaseUnitTestAssets UP-TO-DATE
> Task :core:data:mergeReleaseShaders UP-TO-DATE
> Task :core:data:compileReleaseShaders NO-SOURCE
> Task :core:data:generateReleaseAssets UP-TO-DATE
> Task :core:data:mergeReleaseAssets UP-TO-DATE
> Task :core:domain:mergeReleaseShaders UP-TO-DATE
> Task :core:domain:compileReleaseShaders NO-SOURCE
> Task :core:domain:generateReleaseAssets UP-TO-DATE
> Task :core:domain:mergeReleaseAssets UP-TO-DATE
> Task :core:data:mergeReleaseUnitTestAssets UP-TO-DATE
> Task :core:data:packageReleaseUnitTestForUnitTest UP-TO-DATE
> Task :core:data:generateReleaseUnitTestConfig UP-TO-DATE
> Task :core:designsystem:preDebugUnitTestBuild UP-TO-DATE
> Task :core:designsystem:generateDebugUnitTestStubRFile UP-TO-DATE
> Task :core:designsystem:compileDebugUnitTestKotlin UP-TO-DATE
> Task :core:designsystem:javaPreCompileDebugUnitTest UP-TO-DATE
> Task :core:designsystem:compileDebugUnitTestJavaWithJavac NO-SOURCE
> Task :core:designsystem:processDebugUnitTestJavaRes UP-TO-DATE
> Task :core:designsystem:testDebugUnitTest UP-TO-DATE
> Task :core:designsystem:preReleaseUnitTestBuild UP-TO-DATE
> Task :core:designsystem:generateReleaseUnitTestStubRFile UP-TO-DATE
> Task :core:designsystem:compileReleaseUnitTestKotlin UP-TO-DATE
> Task :core:designsystem:javaPreCompileReleaseUnitTest UP-TO-DATE
> Task :core:designsystem:compileReleaseUnitTestJavaWithJavac NO-SOURCE
> Task :core:designsystem:processReleaseUnitTestJavaRes UP-TO-DATE
> Task :core:designsystem:testReleaseUnitTest UP-TO-DATE
> Task :core:designsystem:test UP-TO-DATE
> Task :core:domain:preDebugUnitTestBuild UP-TO-DATE
> Task :core:domain:generateDebugUnitTestStubRFile UP-TO-DATE
> Task :core:domain:kspDebugUnitTestKotlin UP-TO-DATE
> Task :core:domain:compileDebugUnitTestKotlin UP-TO-DATE
> Task :core:domain:javaPreCompileDebugUnitTest UP-TO-DATE
> Task :core:domain:compileDebugUnitTestJavaWithJavac NO-SOURCE
> Task :core:domain:processDebugUnitTestJavaRes UP-TO-DATE
> Task :core:domain:testDebugUnitTest UP-TO-DATE
> Task :core:domain:preReleaseUnitTestBuild UP-TO-DATE
> Task :core:domain:generateReleaseUnitTestStubRFile UP-TO-DATE
> Task :core:domain:kspReleaseUnitTestKotlin UP-TO-DATE
> Task :core:domain:compileReleaseUnitTestKotlin UP-TO-DATE
> Task :core:domain:javaPreCompileReleaseUnitTest UP-TO-DATE
> Task :core:domain:compileReleaseUnitTestJavaWithJavac NO-SOURCE
> Task :core:domain:processReleaseUnitTestJavaRes UP-TO-DATE
> Task :core:domain:testReleaseUnitTest UP-TO-DATE
> Task :core:domain:test UP-TO-DATE
> Task :app:processReleaseResources

> Task :core:data:compileReleaseUnitTestKotlin FAILED
e: file:///Users/sunil/Downloads/SSBMax/core/data/src/test/kotlin/com/ssbmax/core/data/remote/FirestoreSubmissionRepositoryTest.kt:229:13 No parameter with name 'aiPreliminaryScore' found.
e: file:///Users/sunil/Downloads/SSBMax/core/data/src/test/kotlin/com/ssbmax/core/data/remote/FirestoreSubmissionRepositoryTest.kt:258:13 No parameter with name 'aiPreliminaryScore' found.
e: file:///Users/sunil/Downloads/SSBMax/core/data/src/test/kotlin/com/ssbmax/core/data/remote/FirestoreSubmissionRepositoryTest.kt:282:13 No parameter with name 'aiPreliminaryScore' found.

> Task :core:data:compileDebugUnitTestKotlin FAILED
e: file:///Users/sunil/Downloads/SSBMax/core/data/src/test/kotlin/com/ssbmax/core/data/remote/FirestoreSubmissionRepositoryTest.kt:229:13 No parameter with name 'aiPreliminaryScore' found.
e: file:///Users/sunil/Downloads/SSBMax/core/data/src/test/kotlin/com/ssbmax/core/data/remote/FirestoreSubmissionRepositoryTest.kt:258:13 No parameter with name 'aiPreliminaryScore' found.
e: file:///Users/sunil/Downloads/SSBMax/core/data/src/test/kotlin/com/ssbmax/core/data/remote/FirestoreSubmissionRepositoryTest.kt:282:13 No parameter with name 'aiPreliminaryScore' found.

> Task :app:kspDebugKotlin
w: [ksp] No dependencies reported for generated source com.ssbmax.ui.settings.SubscriptionManagementViewModel_HiltModules_BindsModule_Binds_LazyMapKey.java which willprevent incremental compilation.
Please file a bug at https://issuetracker.google.com/issues/new?component=413107.
w: [ksp] No dependencies reported for generated source com.ssbmax.ui.settings.SubscriptionManagementViewModel_HiltModules_KeyModule_Provide_LazyMapKey.java which willprevent incremental compilation.
Please file a bug at https://issuetracker.google.com/issues/new?component=413107.
w: [ksp] No dependencies reported for generated source com.ssbmax.ui.settings.SettingsViewModel_HiltModules_BindsModule_Binds_LazyMapKey.java which willprevent incremental compilation.
Please file a bug at https://issuetracker.google.com/issues/new?component=413107.
w: [ksp] No dependencies reported for generated source com.ssbmax.ui.settings.SettingsViewModel_HiltModules_KeyModule_Provide_LazyMapKey.java which willprevent incremental compilation.
Please file a bug at https://issuetracker.google.com/issues/new?component=413107.
w: [ksp] No dependencies reported for generated source com.ssbmax.ui.settings.theme.ThemeSettingsViewModel_HiltModules_BindsModule_Binds_LazyMapKey.java which willprevent incremental compilation.
Please file a bug at https://issuetracker.google.com/issues/new?component=413107.
w: [ksp] No dependencies reported for generated source com.ssbmax.ui.settings.theme.ThemeSettingsViewModel_HiltModules_KeyModule_Provide_LazyMapKey.java which willprevent incremental compilation.
Please file a bug at https://issuetracker.google.com/issues/new?component=413107.
w: [ksp] No dependencies reported for generated source com.ssbmax.ui.settings.notifications.NotificationSettingsViewModel_HiltModules_BindsModule_Binds_LazyMapKey.java which willprevent incremental compilation.
Please file a bug at https://issuetracker.google.com/issues/new?component=413107.
w: [ksp] No dependencies reported for generated source com.ssbmax.ui.settings.notifications.NotificationSettingsViewModel_HiltModules_KeyModule_Provide_LazyMapKey.java which willprevent incremental compilation.
Please file a bug at https://issuetracker.google.com/issues/new?component=413107.
w: [ksp] No dependencies reported for generated source com.ssbmax.ui.home.student.StudentHomeViewModel_HiltModules_BindsModule_Binds_LazyMapKey.java which willprevent incremental compilation.
Please file a bug at https://issuetracker.google.com/issues/new?component=413107.
w: [ksp] No dependencies reported for generated source com.ssbmax.ui.home.student.StudentHomeViewModel_HiltModules_KeyModule_Provide_LazyMapKey.java which willprevent incremental compilation.
Please file a bug at https://issuetracker.google.com/issues/new?component=413107.
w: [ksp] No dependencies reported for generated source com.ssbmax.ui.home.instructor.InstructorHomeViewModel_HiltModules_BindsModule_Binds_LazyMapKey.java which willprevent incremental compilation.
Please file a bug at https://issuetracker.google.com/issues/new?component=413107.
w: [ksp] No dependencies reported for generated source com.ssbmax.ui.home.instructor.InstructorHomeViewModel_HiltModules_KeyModule_Provide_LazyMapKey.java which willprevent incremental compilation.
Please file a bug at https://issuetracker.google.com/issues/new?component=413107.
w: [ksp] No dependencies reported for generated source com.ssbmax.ui.upgrade.UpgradeViewModel_HiltModules_BindsModule_Binds_LazyMapKey.java which willprevent incremental compilation.
Please file a bug at https://issuetracker.google.com/issues/new?component=413107.
w: [ksp] No dependencies reported for generated source com.ssbmax.ui.upgrade.UpgradeViewModel_HiltModules_KeyModule_Provide_LazyMapKey.java which willprevent incremental compilation.
Please file a bug at https://issuetracker.google.com/issues/new?component=413107.
w: [ksp] No dependencies reported for generated source com.ssbmax.ui.splash.SplashViewModel_HiltModules_BindsModule_Binds_LazyMapKey.java which willprevent incremental compilation.
Please file a bug at https://issuetracker.google.com/issues/new?component=413107.
w: [ksp] No dependencies reported for generated source com.ssbmax.ui.splash.SplashViewModel_HiltModules_KeyModule_Provide_LazyMapKey.java which willprevent incremental compilation.
Please file a bug at https://issuetracker.google.com/issues/new?component=413107.
w: [ksp] No dependencies reported for generated source com.ssbmax.ui.phase.Phase2DetailViewModel_HiltModules_BindsModule_Binds_LazyMapKey.java which willprevent incremental compilation.
Please file a bug at https://issuetracker.google.com/issues/new?component=413107.
w: [ksp] No dependencies reported for generated source com.ssbmax.ui.phase.Phase2DetailViewModel_HiltModules_KeyModule_Provide_LazyMapKey.java which willprevent incremental compilation.
Please file a bug at https://issuetracker.google.com/issues/new?component=413107.
w: [ksp] No dependencies reported for generated source com.ssbmax.ui.phase.Phase1DetailViewModel_HiltModules_BindsModule_Binds_LazyMapKey.java which willprevent incremental compilation.
Please file a bug at https://issuetracker.google.com/issues/new?component=413107.
w: [ksp] No dependencies reported for generated source com.ssbmax.ui.phase.Phase1DetailViewModel_HiltModules_KeyModule_Provide_LazyMapKey.java which willprevent incremental compilation.
Please file a bug at https://issuetracker.google.com/issues/new?component=413107.
w: [ksp] No dependencies reported for generated source com.ssbmax.ui.study.StudyMaterialsViewModel_HiltModules_BindsModule_Binds_LazyMapKey.java which willprevent incremental compilation.
Please file a bug at https://issuetracker.google.com/issues/new?component=413107.
w: [ksp] No dependencies reported for generated source com.ssbmax.ui.study.StudyMaterialsViewModel_HiltModules_KeyModule_Provide_LazyMapKey.java which willprevent incremental compilation.
Please file a bug at https://issuetracker.google.com/issues/new?component=413107.
w: [ksp] No dependencies reported for generated source com.ssbmax.ui.study.StudyMaterialDetailViewModel_HiltModules_BindsModule_Binds_LazyMapKey.java which willprevent incremental compilation.
Please file a bug at https://issuetracker.google.com/issues/new?component=413107.
w: [ksp] No dependencies reported for generated source com.ssbmax.ui.study.StudyMaterialDetailViewModel_HiltModules_KeyModule_Provide_LazyMapKey.java which willprevent incremental compilation.
Please file a bug at https://issuetracker.google.com/issues/new?component=413107.
w: [ksp] No dependencies reported for generated source com.ssbmax.ui.grading.TestDetailGradingViewModel_HiltModules_BindsModule_Binds_LazyMapKey.java which willprevent incremental compilation.
Please file a bug at https://issuetracker.google.com/issues/new?component=413107.
w: [ksp] No dependencies reported for generated source com.ssbmax.ui.grading.TestDetailGradingViewModel_HiltModules_KeyModule_Provide_LazyMapKey.java which willprevent incremental compilation.
Please file a bug at https://issuetracker.google.com/issues/new?component=413107.
w: [ksp] No dependencies reported for generated source com.ssbmax.ui.ssboverview.SSBOverviewViewModel_HiltModules_BindsModule_Binds_LazyMapKey.java which willprevent incremental compilation.
Please file a bug at https://issuetracker.google.com/issues/new?component=413107.
w: [ksp] No dependencies reported for generated source com.ssbmax.ui.ssboverview.SSBOverviewViewModel_HiltModules_KeyModule_Provide_LazyMapKey.java which willprevent incremental compilation.
Please file a bug at https://issuetracker.google.com/issues/new?component=413107.
w: [ksp] No dependencies reported for generated source com.ssbmax.ui.auth.AuthViewModel_HiltModules_BindsModule_Binds_LazyMapKey.java which willprevent incremental compilation.
Please file a bug at https://issuetracker.google.com/issues/new?component=413107.
w: [ksp] No dependencies reported for generated source com.ssbmax.ui.auth.AuthViewModel_HiltModules_KeyModule_Provide_LazyMapKey.java which willprevent incremental compilation.
Please file a bug at https://issuetracker.google.com/issues/new?component=413107.
w: [ksp] No dependencies reported for generated source com.ssbmax.ui.faq.FAQViewModel_HiltModules_BindsModule_Binds_LazyMapKey.java which willprevent incremental compilation.
Please file a bug at https://issuetracker.google.com/issues/new?component=413107.
w: [ksp] No dependencies reported for generated source com.ssbmax.ui.faq.FAQViewModel_HiltModules_KeyModule_Provide_LazyMapKey.java which willprevent incremental compilation.
Please file a bug at https://issuetracker.google.com/issues/new?component=413107.
w: [ksp] No dependencies reported for generated source com.ssbmax.ui.marketplace.MarketplaceViewModel_HiltModules_BindsModule_Binds_LazyMapKey.java which willprevent incremental compilation.
Please file a bug at https://issuetracker.google.com/issues/new?component=413107.
w: [ksp] No dependencies reported for generated source com.ssbmax.ui.marketplace.MarketplaceViewModel_HiltModules_KeyModule_Provide_LazyMapKey.java which willprevent incremental compilation.
Please file a bug at https://issuetracker.google.com/issues/new?component=413107.
w: [ksp] No dependencies reported for generated source com.ssbmax.ui.tests.sdt.SDTTestViewModel_HiltModules_BindsModule_Binds_LazyMapKey.java which willprevent incremental compilation.
Please file a bug at https://issuetracker.google.com/issues/new?component=413107.
w: [ksp] No dependencies reported for generated source com.ssbmax.ui.tests.sdt.SDTTestViewModel_HiltModules_KeyModule_Provide_LazyMapKey.java which willprevent incremental compilation.
Please file a bug at https://issuetracker.google.com/issues/new?component=413107.
w: [ksp] No dependencies reported for generated source com.ssbmax.ui.tests.sdt.SDTSubmissionResultViewModel_HiltModules_BindsModule_Binds_LazyMapKey.java which willprevent incremental compilation.
Please file a bug at https://issuetracker.google.com/issues/new?component=413107.
w: [ksp] No dependencies reported for generated source com.ssbmax.ui.tests.sdt.SDTSubmissionResultViewModel_HiltModules_KeyModule_Provide_LazyMapKey.java which willprevent incremental compilation.
Please file a bug at https://issuetracker.google.com/issues/new?component=413107.
w: [ksp] No dependencies reported for generated source com.ssbmax.ui.tests.gto.lecturette.LecturetteTestViewModel_HiltModules_BindsModule_Binds_LazyMapKey.java which willprevent incremental compilation.
Please file a bug at https://issuetracker.google.com/issues/new?component=413107.
w: [ksp] No dependencies reported for generated source com.ssbmax.ui.tests.gto.lecturette.LecturetteTestViewModel_HiltModules_KeyModule_Provide_LazyMapKey.java which willprevent incremental compilation.
Please file a bug at https://issuetracker.google.com/issues/new?component=413107.
w: [ksp] No dependencies reported for generated source com.ssbmax.ui.tests.gto.lecturette.LecturetteResultViewModel_HiltModules_BindsModule_Binds_LazyMapKey.java which willprevent incremental compilation.
Please file a bug at https://issuetracker.google.com/issues/new?component=413107.
w: [ksp] No dependencies reported for generated source com.ssbmax.ui.tests.gto.lecturette.LecturetteResultViewModel_HiltModules_KeyModule_Provide_LazyMapKey.java which willprevent incremental compilation.
Please file a bug at https://issuetracker.google.com/issues/new?component=413107.
w: [ksp] No dependencies reported for generated source com.ssbmax.ui.tests.gto.gd.GDResultViewModel_HiltModules_BindsModule_Binds_LazyMapKey.java which willprevent incremental compilation.
Please file a bug at https://issuetracker.google.com/issues/new?component=413107.
w: [ksp] No dependencies reported for generated source com.ssbmax.ui.tests.gto.gd.GDResultViewModel_HiltModules_KeyModule_Provide_LazyMapKey.java which willprevent incremental compilation.
Please file a bug at https://issuetracker.google.com/issues/new?component=413107.
w: [ksp] No dependencies reported for generated source com.ssbmax.ui.tests.gto.gd.GDTestViewModel_HiltModules_BindsModule_Binds_LazyMapKey.java which willprevent incremental compilation.
Please file a bug at https://issuetracker.google.com/issues/new?component=413107.
w: [ksp] No dependencies reported for generated source com.ssbmax.ui.tests.gto.gd.GDTestViewModel_HiltModules_KeyModule_Provide_LazyMapKey.java which willprevent incremental compilation.
Please file a bug at https://issuetracker.google.com/issues/new?component=413107.
w: [ksp] No dependencies reported for generated source com.ssbmax.ui.tests.oir.OIRTestViewModel_HiltModules_BindsModule_Binds_LazyMapKey.java which willprevent incremental compilation.
Please file a bug at https://issuetracker.google.com/issues/new?component=413107.
w: [ksp] No dependencies reported for generated source com.ssbmax.ui.tests.oir.OIRTestViewModel_HiltModules_KeyModule_Provide_LazyMapKey.java which willprevent incremental compilation.
Please file a bug at https://issuetracker.google.com/issues/new?component=413107.
w: [ksp] No dependencies reported for generated source com.ssbmax.ui.tests.oir.OIRTestResultViewModel_HiltModules_BindsModule_Binds_LazyMapKey.java which willprevent incremental compilation.
Please file a bug at https://issuetracker.google.com/issues/new?component=413107.
w: [ksp] No dependencies reported for generated source com.ssbmax.ui.tests.oir.OIRTestResultViewModel_HiltModules_KeyModule_Provide_LazyMapKey.java which willprevent incremental compilation.
Please file a bug at https://issuetracker.google.com/issues/new?component=413107.
w: [ksp] No dependencies reported for generated source com.ssbmax.ui.tests.oir.OIRDebugViewModel_HiltModules_BindsModule_Binds_LazyMapKey.java which willprevent incremental compilation.
Please file a bug at https://issuetracker.google.com/issues/new?component=413107.
w: [ksp] No dependencies reported for generated source com.ssbmax.ui.tests.oir.OIRDebugViewModel_HiltModules_KeyModule_Provide_LazyMapKey.java which willprevent incremental compilation.
Please file a bug at https://issuetracker.google.com/issues/new?component=413107.
w: [ksp] No dependencies reported for generated source com.ssbmax.ui.tests.oir.OIRSubmissionResultViewModel_HiltModules_BindsModule_Binds_LazyMapKey.java which willprevent incremental compilation.
Please file a bug at https://issuetracker.google.com/issues/new?component=413107.
w: [ksp] No dependencies reported for generated source com.ssbmax.ui.tests.oir.OIRSubmissionResultViewModel_HiltModules_KeyModule_Provide_LazyMapKey.java which willprevent incremental compilation.
Please file a bug at https://issuetracker.google.com/issues/new?component=413107.
w: [ksp] No dependencies reported for generated source com.ssbmax.ui.tests.srt.SRTTestViewModel_HiltModules_BindsModule_Binds_LazyMapKey.java which willprevent incremental compilation.
Please file a bug at https://issuetracker.google.com/issues/new?component=413107.
w: [ksp] No dependencies reported for generated source com.ssbmax.ui.tests.srt.SRTTestViewModel_HiltModules_KeyModule_Provide_LazyMapKey.java which willprevent incremental compilation.
Please file a bug at https://issuetracker.google.com/issues/new?component=413107.
w: [ksp] No dependencies reported for generated source com.ssbmax.ui.tests.srt.SRTSubmissionResultViewModel_HiltModules_BindsModule_Binds_LazyMapKey.java which willprevent incremental compilation.
Please file a bug at https://issuetracker.google.com/issues/new?component=413107.
w: [ksp] No dependencies reported for generated source com.ssbmax.ui.tests.srt.SRTSubmissionResultViewModel_HiltModules_KeyModule_Provide_LazyMapKey.java which willprevent incremental compilation.
Please file a bug at https://issuetracker.google.com/issues/new?component=413107.
w: [ksp] No dependencies reported for generated source com.ssbmax.ui.tests.piq.PIQTestViewModel_HiltModules_BindsModule_Binds_LazyMapKey.java which willprevent incremental compilation.
Please file a bug at https://issuetracker.google.com/issues/new?component=413107.
w: [ksp] No dependencies reported for generated source com.ssbmax.ui.tests.piq.PIQTestViewModel_HiltModules_KeyModule_Provide_LazyMapKey.java which willprevent incremental compilation.
Please file a bug at https://issuetracker.google.com/issues/new?component=413107.
w: [ksp] No dependencies reported for generated source com.ssbmax.ui.tests.piq.PIQSubmissionResultViewModel_HiltModules_BindsModule_Binds_LazyMapKey.java which willprevent incremental compilation.
Please file a bug at https://issuetracker.google.com/issues/new?component=413107.
w: [ksp] No dependencies reported for generated source com.ssbmax.ui.tests.piq.PIQSubmissionResultViewModel_HiltModules_KeyModule_Provide_LazyMapKey.java which willprevent incremental compilation.
Please file a bug at https://issuetracker.google.com/issues/new?component=413107.
w: [ksp] No dependencies reported for generated source com.ssbmax.ui.tests.StudentTestsViewModel_HiltModules_BindsModule_Binds_LazyMapKey.java which willprevent incremental compilation.
Please file a bug at https://issuetracker.google.com/issues/new?component=413107.
w: [ksp] No dependencies reported for generated source com.ssbmax.ui.tests.StudentTestsViewModel_HiltModules_KeyModule_Provide_LazyMapKey.java which willprevent incremental compilation.
Please file a bug at https://issuetracker.google.com/issues/new?component=413107.
w: [ksp] No dependencies reported for generated source com.ssbmax.ui.tests.gpe.GPETestViewModel_HiltModules_BindsModule_Binds_LazyMapKey.java which willprevent incremental compilation.
Please file a bug at https://issuetracker.google.com/issues/new?component=413107.
w: [ksp] No dependencies reported for generated source com.ssbmax.ui.tests.gpe.GPETestViewModel_HiltModules_KeyModule_Provide_LazyMapKey.java which willprevent incremental compilation.
Please file a bug at https://issuetracker.google.com/issues/new?component=413107.
w: [ksp] No dependencies reported for generated source com.ssbmax.ui.tests.gpe.GPESubmissionResultViewModel_HiltModules_BindsModule_Binds_LazyMapKey.java which willprevent incremental compilation.
Please file a bug at https://issuetracker.google.com/issues/new?component=413107.
w: [ksp] No dependencies reported for generated source com.ssbmax.ui.tests.gpe.GPESubmissionResultViewModel_HiltModules_KeyModule_Provide_LazyMapKey.java which willprevent incremental compilation.
Please file a bug at https://issuetracker.google.com/issues/new?component=413107.
w: [ksp] No dependencies reported for generated source com.ssbmax.ui.tests.wat.WATTestViewModel_HiltModules_BindsModule_Binds_LazyMapKey.java which willprevent incremental compilation.
Please file a bug at https://issuetracker.google.com/issues/new?component=413107.
w: [ksp] No dependencies reported for generated source com.ssbmax.ui.tests.wat.WATTestViewModel_HiltModules_KeyModule_Provide_LazyMapKey.java which willprevent incremental compilation.
Please file a bug at https://issuetracker.google.com/issues/new?component=413107.
w: [ksp] No dependencies reported for generated source com.ssbmax.ui.tests.wat.WATSubmissionResultViewModel_HiltModules_BindsModule_Binds_LazyMapKey.java which willprevent incremental compilation.
Please file a bug at https://issuetracker.google.com/issues/new?component=413107.
w: [ksp] No dependencies reported for generated source com.ssbmax.ui.tests.wat.WATSubmissionResultViewModel_HiltModules_KeyModule_Provide_LazyMapKey.java which willprevent incremental compilation.
Please file a bug at https://issuetracker.google.com/issues/new?component=413107.
w: [ksp] No dependencies reported for generated source com.ssbmax.ui.tests.ppdt.PPDTTestViewModel_HiltModules_BindsModule_Binds_LazyMapKey.java which willprevent incremental compilation.
Please file a bug at https://issuetracker.google.com/issues/new?component=413107.
w: [ksp] No dependencies reported for generated source com.ssbmax.ui.tests.ppdt.PPDTTestViewModel_HiltModules_KeyModule_Provide_LazyMapKey.java which willprevent incremental compilation.
Please file a bug at https://issuetracker.google.com/issues/new?component=413107.
w: [ksp] No dependencies reported for generated source com.ssbmax.ui.tests.ppdt.PPDTSubmissionResultViewModel_HiltModules_BindsModule_Binds_LazyMapKey.java which willprevent incremental compilation.
Please file a bug at https://issuetracker.google.com/issues/new?component=413107.
w: [ksp] No dependencies reported for generated source com.ssbmax.ui.tests.ppdt.PPDTSubmissionResultViewModel_HiltModules_KeyModule_Provide_LazyMapKey.java which willprevent incremental compilation.
Please file a bug at https://issuetracker.google.com/issues/new?component=413107.
w: [ksp] No dependencies reported for generated source com.ssbmax.ui.tests.tat.TATSubmissionResultViewModel_HiltModules_BindsModule_Binds_LazyMapKey.java which willprevent incremental compilation.
Please file a bug at https://issuetracker.google.com/issues/new?component=413107.
w: [ksp] No dependencies reported for generated source com.ssbmax.ui.tests.tat.TATSubmissionResultViewModel_HiltModules_KeyModule_Provide_LazyMapKey.java which willprevent incremental compilation.
Please file a bug at https://issuetracker.google.com/issues/new?component=413107.
w: [ksp] No dependencies reported for generated source com.ssbmax.ui.tests.tat.TATTestViewModel_HiltModules_BindsModule_Binds_LazyMapKey.java which willprevent incremental compilation.
Please file a bug at https://issuetracker.google.com/issues/new?component=413107.
w: [ksp] No dependencies reported for generated source com.ssbmax.ui.tests.tat.TATTestViewModel_HiltModules_KeyModule_Provide_LazyMapKey.java which willprevent incremental compilation.
Please file a bug at https://issuetracker.google.com/issues/new?component=413107.
w: [ksp] No dependencies reported for generated source com.ssbmax.ui.topic.TopicViewModel_HiltModules_BindsModule_Binds_LazyMapKey.java which willprevent incremental compilation.
Please file a bug at https://issuetracker.google.com/issues/new?component=413107.
w: [ksp] No dependencies reported for generated source com.ssbmax.ui.topic.TopicViewModel_HiltModules_KeyModule_Provide_LazyMapKey.java which willprevent incremental compilation.
Please file a bug at https://issuetracker.google.com/issues/new?component=413107.
w: [ksp] No dependencies reported for generated source com.ssbmax.ui.results.HistoricResultsViewModel_HiltModules_BindsModule_Binds_LazyMapKey.java which willprevent incremental compilation.
Please file a bug at https://issuetracker.google.com/issues/new?component=413107.
w: [ksp] No dependencies reported for generated source com.ssbmax.ui.results.HistoricResultsViewModel_HiltModules_KeyModule_Provide_LazyMapKey.java which willprevent incremental compilation.
Please file a bug at https://issuetracker.google.com/issues/new?component=413107.
w: [ksp] No dependencies reported for generated source com.ssbmax.ui.profile.StudentProfileViewModel_HiltModules_BindsModule_Binds_LazyMapKey.java which willprevent incremental compilation.
Please file a bug at https://issuetracker.google.com/issues/new?component=413107.
w: [ksp] No dependencies reported for generated source com.ssbmax.ui.profile.StudentProfileViewModel_HiltModules_KeyModule_Provide_LazyMapKey.java which willprevent incremental compilation.
Please file a bug at https://issuetracker.google.com/issues/new?component=413107.
w: [ksp] No dependencies reported for generated source com.ssbmax.ui.profile.UserProfileViewModel_HiltModules_BindsModule_Binds_LazyMapKey.java which willprevent incremental compilation.
Please file a bug at https://issuetracker.google.com/issues/new?component=413107.
w: [ksp] No dependencies reported for generated source com.ssbmax.ui.profile.UserProfileViewModel_HiltModules_KeyModule_Provide_LazyMapKey.java which willprevent incremental compilation.
Please file a bug at https://issuetracker.google.com/issues/new?component=413107.
w: [ksp] No dependencies reported for generated source com.ssbmax.ui.interview.result.InterviewResultViewModel_HiltModules_BindsModule_Binds_LazyMapKey.java which willprevent incremental compilation.
Please file a bug at https://issuetracker.google.com/issues/new?component=413107.
w: [ksp] No dependencies reported for generated source com.ssbmax.ui.interview.result.InterviewResultViewModel_HiltModules_KeyModule_Provide_LazyMapKey.java which willprevent incremental compilation.
Please file a bug at https://issuetracker.google.com/issues/new?component=413107.
w: [ksp] No dependencies reported for generated source com.ssbmax.ui.interview.start.StartInterviewViewModel_HiltModules_BindsModule_Binds_LazyMapKey.java which willprevent incremental compilation.
Please file a bug at https://issuetracker.google.com/issues/new?component=413107.
w: [ksp] No dependencies reported for generated source com.ssbmax.ui.interview.start.StartInterviewViewModel_HiltModules_KeyModule_Provide_LazyMapKey.java which willprevent incremental compilation.
Please file a bug at https://issuetracker.google.com/issues/new?component=413107.
w: [ksp] No dependencies reported for generated source com.ssbmax.ui.interview.session.InterviewSessionViewModel_HiltModules_BindsModule_Binds_LazyMapKey.java which willprevent incremental compilation.
Please file a bug at https://issuetracker.google.com/issues/new?component=413107.
w: [ksp] No dependencies reported for generated source com.ssbmax.ui.interview.session.InterviewSessionViewModel_HiltModules_KeyModule_Provide_LazyMapKey.java which willprevent incremental compilation.
Please file a bug at https://issuetracker.google.com/issues/new?component=413107.
w: [ksp] No dependencies reported for generated source com.ssbmax.ui.submissions.SubmissionDetailViewModel_HiltModules_BindsModule_Binds_LazyMapKey.java which willprevent incremental compilation.
Please file a bug at https://issuetracker.google.com/issues/new?component=413107.
w: [ksp] No dependencies reported for generated source com.ssbmax.ui.submissions.SubmissionDetailViewModel_HiltModules_KeyModule_Provide_LazyMapKey.java which willprevent incremental compilation.
Please file a bug at https://issuetracker.google.com/issues/new?component=413107.
w: [ksp] No dependencies reported for generated source com.ssbmax.ui.submissions.SubmissionsListViewModel_HiltModules_BindsModule_Binds_LazyMapKey.java which willprevent incremental compilation.
Please file a bug at https://issuetracker.google.com/issues/new?component=413107.
w: [ksp] No dependencies reported for generated source com.ssbmax.ui.submissions.SubmissionsListViewModel_HiltModules_KeyModule_Provide_LazyMapKey.java which willprevent incremental compilation.
Please file a bug at https://issuetracker.google.com/issues/new?component=413107.
w: [ksp] No dependencies reported for generated source com.ssbmax.ui.instructor.InstructorGradingViewModel_HiltModules_BindsModule_Binds_LazyMapKey.java which willprevent incremental compilation.
Please file a bug at https://issuetracker.google.com/issues/new?component=413107.
w: [ksp] No dependencies reported for generated source com.ssbmax.ui.instructor.InstructorGradingViewModel_HiltModules_KeyModule_Provide_LazyMapKey.java which willprevent incremental compilation.
Please file a bug at https://issuetracker.google.com/issues/new?component=413107.
w: [ksp] No dependencies reported for generated source com.ssbmax.ui.premium.UpgradeViewModel_HiltModules_BindsModule_Binds_LazyMapKey.java which willprevent incremental compilation.
Please file a bug at https://issuetracker.google.com/issues/new?component=413107.
w: [ksp] No dependencies reported for generated source com.ssbmax.ui.premium.UpgradeViewModel_HiltModules_KeyModule_Provide_LazyMapKey.java which willprevent incremental compilation.
Please file a bug at https://issuetracker.google.com/issues/new?component=413107.
w: [ksp] No dependencies reported for generated source com.ssbmax.ui.notifications.NotificationCenterViewModel_HiltModules_BindsModule_Binds_LazyMapKey.java which willprevent incremental compilation.
Please file a bug at https://issuetracker.google.com/issues/new?component=413107.
w: [ksp] No dependencies reported for generated source com.ssbmax.ui.notifications.NotificationCenterViewModel_HiltModules_KeyModule_Provide_LazyMapKey.java which willprevent incremental compilation.
Please file a bug at https://issuetracker.google.com/issues/new?component=413107.
w: [ksp] No dependencies reported for generated source com.ssbmax.ui.AppViewModel_HiltModules_BindsModule_Binds_LazyMapKey.java which willprevent incremental compilation.
Please file a bug at https://issuetracker.google.com/issues/new?component=413107.
w: [ksp] No dependencies reported for generated source com.ssbmax.ui.AppViewModel_HiltModules_KeyModule_Provide_LazyMapKey.java which willprevent incremental compilation.
Please file a bug at https://issuetracker.google.com/issues/new?component=413107.
w: [ksp] No dependencies reported for generated source com.ssbmax.ui.analytics.AnalyticsViewModel_HiltModules_BindsModule_Binds_LazyMapKey.java which willprevent incremental compilation.
Please file a bug at https://issuetracker.google.com/issues/new?component=413107.
w: [ksp] No dependencies reported for generated source com.ssbmax.ui.analytics.AnalyticsViewModel_HiltModules_KeyModule_Provide_LazyMapKey.java which willprevent incremental compilation.
Please file a bug at https://issuetracker.google.com/issues/new?component=413107.
w: [ksp] No dependencies reported for generated source com.ssbmax.ui.debug.MemoryLeakTestViewModel_HiltModules_BindsModule_Binds_LazyMapKey.java which willprevent incremental compilation.
Please file a bug at https://issuetracker.google.com/issues/new?component=413107.
w: [ksp] No dependencies reported for generated source com.ssbmax.ui.debug.MemoryLeakTestViewModel_HiltModules_KeyModule_Provide_LazyMapKey.java which willprevent incremental compilation.
Please file a bug at https://issuetracker.google.com/issues/new?component=413107.
w: [ksp] No dependencies reported for generated source com.ssbmax.MainViewModel_HiltModules_BindsModule_Binds_LazyMapKey.java which willprevent incremental compilation.
Please file a bug at https://issuetracker.google.com/issues/new?component=413107.
w: [ksp] No dependencies reported for generated source com.ssbmax.MainViewModel_HiltModules_KeyModule_Provide_LazyMapKey.java which willprevent incremental compilation.
Please file a bug at https://issuetracker.google.com/issues/new?component=413107.

> Task :app:kspReleaseKotlin
w: [ksp] No dependencies reported for generated source com.ssbmax.ui.settings.SubscriptionManagementViewModel_HiltModules_BindsModule_Binds_LazyMapKey.java which willprevent incremental compilation.
Please file a bug at https://issuetracker.google.com/issues/new?component=413107.
w: [ksp] No dependencies reported for generated source com.ssbmax.ui.settings.SubscriptionManagementViewModel_HiltModules_KeyModule_Provide_LazyMapKey.java which willprevent incremental compilation.
Please file a bug at https://issuetracker.google.com/issues/new?component=413107.
w: [ksp] No dependencies reported for generated source com.ssbmax.ui.settings.SettingsViewModel_HiltModules_BindsModule_Binds_LazyMapKey.java which willprevent incremental compilation.
Please file a bug at https://issuetracker.google.com/issues/new?component=413107.
w: [ksp] No dependencies reported for generated source com.ssbmax.ui.settings.SettingsViewModel_HiltModules_KeyModule_Provide_LazyMapKey.java which willprevent incremental compilation.
Please file a bug at https://issuetracker.google.com/issues/new?component=413107.
w: [ksp] No dependencies reported for generated source com.ssbmax.ui.settings.theme.ThemeSettingsViewModel_HiltModules_BindsModule_Binds_LazyMapKey.java which willprevent incremental compilation.
Please file a bug at https://issuetracker.google.com/issues/new?component=413107.
w: [ksp] No dependencies reported for generated source com.ssbmax.ui.settings.theme.ThemeSettingsViewModel_HiltModules_KeyModule_Provide_LazyMapKey.java which willprevent incremental compilation.
Please file a bug at https://issuetracker.google.com/issues/new?component=413107.
w: [ksp] No dependencies reported for generated source com.ssbmax.ui.settings.notifications.NotificationSettingsViewModel_HiltModules_BindsModule_Binds_LazyMapKey.java which willprevent incremental compilation.
Please file a bug at https://issuetracker.google.com/issues/new?component=413107.
w: [ksp] No dependencies reported for generated source com.ssbmax.ui.settings.notifications.NotificationSettingsViewModel_HiltModules_KeyModule_Provide_LazyMapKey.java which willprevent incremental compilation.
Please file a bug at https://issuetracker.google.com/issues/new?component=413107.
w: [ksp] No dependencies reported for generated source com.ssbmax.ui.home.student.StudentHomeViewModel_HiltModules_BindsModule_Binds_LazyMapKey.java which willprevent incremental compilation.
Please file a bug at https://issuetracker.google.com/issues/new?component=413107.
w: [ksp] No dependencies reported for generated source com.ssbmax.ui.home.student.StudentHomeViewModel_HiltModules_KeyModule_Provide_LazyMapKey.java which willprevent incremental compilation.
Please file a bug at https://issuetracker.google.com/issues/new?component=413107.
w: [ksp] No dependencies reported for generated source com.ssbmax.ui.home.instructor.InstructorHomeViewModel_HiltModules_BindsModule_Binds_LazyMapKey.java which willprevent incremental compilation.
Please file a bug at https://issuetracker.google.com/issues/new?component=413107.
w: [ksp] No dependencies reported for generated source com.ssbmax.ui.home.instructor.InstructorHomeViewModel_HiltModules_KeyModule_Provide_LazyMapKey.java which willprevent incremental compilation.
Please file a bug at https://issuetracker.google.com/issues/new?component=413107.
w: [ksp] No dependencies reported for generated source com.ssbmax.ui.upgrade.UpgradeViewModel_HiltModules_BindsModule_Binds_LazyMapKey.java which willprevent incremental compilation.
Please file a bug at https://issuetracker.google.com/issues/new?component=413107.
w: [ksp] No dependencies reported for generated source com.ssbmax.ui.upgrade.UpgradeViewModel_HiltModules_KeyModule_Provide_LazyMapKey.java which willprevent incremental compilation.
Please file a bug at https://issuetracker.google.com/issues/new?component=413107.
w: [ksp] No dependencies reported for generated source com.ssbmax.ui.splash.SplashViewModel_HiltModules_BindsModule_Binds_LazyMapKey.java which willprevent incremental compilation.
Please file a bug at https://issuetracker.google.com/issues/new?component=413107.
w: [ksp] No dependencies reported for generated source com.ssbmax.ui.splash.SplashViewModel_HiltModules_KeyModule_Provide_LazyMapKey.java which willprevent incremental compilation.
Please file a bug at https://issuetracker.google.com/issues/new?component=413107.
w: [ksp] No dependencies reported for generated source com.ssbmax.ui.phase.Phase2DetailViewModel_HiltModules_BindsModule_Binds_LazyMapKey.java which willprevent incremental compilation.
Please file a bug at https://issuetracker.google.com/issues/new?component=413107.
w: [ksp] No dependencies reported for generated source com.ssbmax.ui.phase.Phase2DetailViewModel_HiltModules_KeyModule_Provide_LazyMapKey.java which willprevent incremental compilation.
Please file a bug at https://issuetracker.google.com/issues/new?component=413107.
w: [ksp] No dependencies reported for generated source com.ssbmax.ui.phase.Phase1DetailViewModel_HiltModules_BindsModule_Binds_LazyMapKey.java which willprevent incremental compilation.
Please file a bug at https://issuetracker.google.com/issues/new?component=413107.
w: [ksp] No dependencies reported for generated source com.ssbmax.ui.phase.Phase1DetailViewModel_HiltModules_KeyModule_Provide_LazyMapKey.java which willprevent incremental compilation.
Please file a bug at https://issuetracker.google.com/issues/new?component=413107.
w: [ksp] No dependencies reported for generated source com.ssbmax.ui.study.StudyMaterialsViewModel_HiltModules_BindsModule_Binds_LazyMapKey.java which willprevent incremental compilation.
Please file a bug at https://issuetracker.google.com/issues/new?component=413107.
w: [ksp] No dependencies reported for generated source com.ssbmax.ui.study.StudyMaterialsViewModel_HiltModules_KeyModule_Provide_LazyMapKey.java which willprevent incremental compilation.
Please file a bug at https://issuetracker.google.com/issues/new?component=413107.
w: [ksp] No dependencies reported for generated source com.ssbmax.ui.study.StudyMaterialDetailViewModel_HiltModules_BindsModule_Binds_LazyMapKey.java which willprevent incremental compilation.
Please file a bug at https://issuetracker.google.com/issues/new?component=413107.
w: [ksp] No dependencies reported for generated source com.ssbmax.ui.study.StudyMaterialDetailViewModel_HiltModules_KeyModule_Provide_LazyMapKey.java which willprevent incremental compilation.
Please file a bug at https://issuetracker.google.com/issues/new?component=413107.
w: [ksp] No dependencies reported for generated source com.ssbmax.ui.grading.TestDetailGradingViewModel_HiltModules_BindsModule_Binds_LazyMapKey.java which willprevent incremental compilation.
Please file a bug at https://issuetracker.google.com/issues/new?component=413107.
w: [ksp] No dependencies reported for generated source com.ssbmax.ui.grading.TestDetailGradingViewModel_HiltModules_KeyModule_Provide_LazyMapKey.java which willprevent incremental compilation.
Please file a bug at https://issuetracker.google.com/issues/new?component=413107.
w: [ksp] No dependencies reported for generated source com.ssbmax.ui.ssboverview.SSBOverviewViewModel_HiltModules_BindsModule_Binds_LazyMapKey.java which willprevent incremental compilation.
Please file a bug at https://issuetracker.google.com/issues/new?component=413107.
w: [ksp] No dependencies reported for generated source com.ssbmax.ui.ssboverview.SSBOverviewViewModel_HiltModules_KeyModule_Provide_LazyMapKey.java which willprevent incremental compilation.
Please file a bug at https://issuetracker.google.com/issues/new?component=413107.
w: [ksp] No dependencies reported for generated source com.ssbmax.ui.auth.AuthViewModel_HiltModules_BindsModule_Binds_LazyMapKey.java which willprevent incremental compilation.
Please file a bug at https://issuetracker.google.com/issues/new?component=413107.
w: [ksp] No dependencies reported for generated source com.ssbmax.ui.auth.AuthViewModel_HiltModules_KeyModule_Provide_LazyMapKey.java which willprevent incremental compilation.
Please file a bug at https://issuetracker.google.com/issues/new?component=413107.
w: [ksp] No dependencies reported for generated source com.ssbmax.ui.faq.FAQViewModel_HiltModules_BindsModule_Binds_LazyMapKey.java which willprevent incremental compilation.
Please file a bug at https://issuetracker.google.com/issues/new?component=413107.
w: [ksp] No dependencies reported for generated source com.ssbmax.ui.faq.FAQViewModel_HiltModules_KeyModule_Provide_LazyMapKey.java which willprevent incremental compilation.
Please file a bug at https://issuetracker.google.com/issues/new?component=413107.
w: [ksp] No dependencies reported for generated source com.ssbmax.ui.marketplace.MarketplaceViewModel_HiltModules_BindsModule_Binds_LazyMapKey.java which willprevent incremental compilation.
Please file a bug at https://issuetracker.google.com/issues/new?component=413107.
w: [ksp] No dependencies reported for generated source com.ssbmax.ui.marketplace.MarketplaceViewModel_HiltModules_KeyModule_Provide_LazyMapKey.java which willprevent incremental compilation.
Please file a bug at https://issuetracker.google.com/issues/new?component=413107.
w: [ksp] No dependencies reported for generated source com.ssbmax.ui.tests.sdt.SDTTestViewModel_HiltModules_BindsModule_Binds_LazyMapKey.java which willprevent incremental compilation.
Please file a bug at https://issuetracker.google.com/issues/new?component=413107.
w: [ksp] No dependencies reported for generated source com.ssbmax.ui.tests.sdt.SDTTestViewModel_HiltModules_KeyModule_Provide_LazyMapKey.java which willprevent incremental compilation.
Please file a bug at https://issuetracker.google.com/issues/new?component=413107.
w: [ksp] No dependencies reported for generated source com.ssbmax.ui.tests.sdt.SDTSubmissionResultViewModel_HiltModules_BindsModule_Binds_LazyMapKey.java which willprevent incremental compilation.
Please file a bug at https://issuetracker.google.com/issues/new?component=413107.
w: [ksp] No dependencies reported for generated source com.ssbmax.ui.tests.sdt.SDTSubmissionResultViewModel_HiltModules_KeyModule_Provide_LazyMapKey.java which willprevent incremental compilation.
Please file a bug at https://issuetracker.google.com/issues/new?component=413107.
w: [ksp] No dependencies reported for generated source com.ssbmax.ui.tests.gto.lecturette.LecturetteTestViewModel_HiltModules_BindsModule_Binds_LazyMapKey.java which willprevent incremental compilation.
Please file a bug at https://issuetracker.google.com/issues/new?component=413107.
w: [ksp] No dependencies reported for generated source com.ssbmax.ui.tests.gto.lecturette.LecturetteTestViewModel_HiltModules_KeyModule_Provide_LazyMapKey.java which willprevent incremental compilation.
Please file a bug at https://issuetracker.google.com/issues/new?component=413107.
w: [ksp] No dependencies reported for generated source com.ssbmax.ui.tests.gto.lecturette.LecturetteResultViewModel_HiltModules_BindsModule_Binds_LazyMapKey.java which willprevent incremental compilation.
Please file a bug at https://issuetracker.google.com/issues/new?component=413107.
w: [ksp] No dependencies reported for generated source com.ssbmax.ui.tests.gto.lecturette.LecturetteResultViewModel_HiltModules_KeyModule_Provide_LazyMapKey.java which willprevent incremental compilation.
Please file a bug at https://issuetracker.google.com/issues/new?component=413107.
w: [ksp] No dependencies reported for generated source com.ssbmax.ui.tests.gto.gd.GDResultViewModel_HiltModules_BindsModule_Binds_LazyMapKey.java which willprevent incremental compilation.
Please file a bug at https://issuetracker.google.com/issues/new?component=413107.
w: [ksp] No dependencies reported for generated source com.ssbmax.ui.tests.gto.gd.GDResultViewModel_HiltModules_KeyModule_Provide_LazyMapKey.java which willprevent incremental compilation.
Please file a bug at https://issuetracker.google.com/issues/new?component=413107.
w: [ksp] No dependencies reported for generated source com.ssbmax.ui.tests.gto.gd.GDTestViewModel_HiltModules_BindsModule_Binds_LazyMapKey.java which willprevent incremental compilation.
Please file a bug at https://issuetracker.google.com/issues/new?component=413107.
w: [ksp] No dependencies reported for generated source com.ssbmax.ui.tests.gto.gd.GDTestViewModel_HiltModules_KeyModule_Provide_LazyMapKey.java which willprevent incremental compilation.
Please file a bug at https://issuetracker.google.com/issues/new?component=413107.
w: [ksp] No dependencies reported for generated source com.ssbmax.ui.tests.oir.OIRTestViewModel_HiltModules_BindsModule_Binds_LazyMapKey.java which willprevent incremental compilation.
Please file a bug at https://issuetracker.google.com/issues/new?component=413107.
w: [ksp] No dependencies reported for generated source com.ssbmax.ui.tests.oir.OIRTestViewModel_HiltModules_KeyModule_Provide_LazyMapKey.java which willprevent incremental compilation.
Please file a bug at https://issuetracker.google.com/issues/new?component=413107.
w: [ksp] No dependencies reported for generated source com.ssbmax.ui.tests.oir.OIRTestResultViewModel_HiltModules_BindsModule_Binds_LazyMapKey.java which willprevent incremental compilation.
Please file a bug at https://issuetracker.google.com/issues/new?component=413107.
w: [ksp] No dependencies reported for generated source com.ssbmax.ui.tests.oir.OIRTestResultViewModel_HiltModules_KeyModule_Provide_LazyMapKey.java which willprevent incremental compilation.
Please file a bug at https://issuetracker.google.com/issues/new?component=413107.
w: [ksp] No dependencies reported for generated source com.ssbmax.ui.tests.oir.OIRDebugViewModel_HiltModules_BindsModule_Binds_LazyMapKey.java which willprevent incremental compilation.
Please file a bug at https://issuetracker.google.com/issues/new?component=413107.
w: [ksp] No dependencies reported for generated source com.ssbmax.ui.tests.oir.OIRDebugViewModel_HiltModules_KeyModule_Provide_LazyMapKey.java which willprevent incremental compilation.
Please file a bug at https://issuetracker.google.com/issues/new?component=413107.
w: [ksp] No dependencies reported for generated source com.ssbmax.ui.tests.oir.OIRSubmissionResultViewModel_HiltModules_BindsModule_Binds_LazyMapKey.java which willprevent incremental compilation.
Please file a bug at https://issuetracker.google.com/issues/new?component=413107.
w: [ksp] No dependencies reported for generated source com.ssbmax.ui.tests.oir.OIRSubmissionResultViewModel_HiltModules_KeyModule_Provide_LazyMapKey.java which willprevent incremental compilation.
Please file a bug at https://issuetracker.google.com/issues/new?component=413107.
w: [ksp] No dependencies reported for generated source com.ssbmax.ui.tests.srt.SRTTestViewModel_HiltModules_BindsModule_Binds_LazyMapKey.java which willprevent incremental compilation.
Please file a bug at https://issuetracker.google.com/issues/new?component=413107.
w: [ksp] No dependencies reported for generated source com.ssbmax.ui.tests.srt.SRTTestViewModel_HiltModules_KeyModule_Provide_LazyMapKey.java which willprevent incremental compilation.
Please file a bug at https://issuetracker.google.com/issues/new?component=413107.
w: [ksp] No dependencies reported for generated source com.ssbmax.ui.tests.srt.SRTSubmissionResultViewModel_HiltModules_BindsModule_Binds_LazyMapKey.java which willprevent incremental compilation.
Please file a bug at https://issuetracker.google.com/issues/new?component=413107.
w: [ksp] No dependencies reported for generated source com.ssbmax.ui.tests.srt.SRTSubmissionResultViewModel_HiltModules_KeyModule_Provide_LazyMapKey.java which willprevent incremental compilation.
Please file a bug at https://issuetracker.google.com/issues/new?component=413107.
w: [ksp] No dependencies reported for generated source com.ssbmax.ui.tests.piq.PIQTestViewModel_HiltModules_BindsModule_Binds_LazyMapKey.java which willprevent incremental compilation.
Please file a bug at https://issuetracker.google.com/issues/new?component=413107.
w: [ksp] No dependencies reported for generated source com.ssbmax.ui.tests.piq.PIQTestViewModel_HiltModules_KeyModule_Provide_LazyMapKey.java which willprevent incremental compilation.
Please file a bug at https://issuetracker.google.com/issues/new?component=413107.
w: [ksp] No dependencies reported for generated source com.ssbmax.ui.tests.piq.PIQSubmissionResultViewModel_HiltModules_BindsModule_Binds_LazyMapKey.java which willprevent incremental compilation.
Please file a bug at https://issuetracker.google.com/issues/new?component=413107.
w: [ksp] No dependencies reported for generated source com.ssbmax.ui.tests.piq.PIQSubmissionResultViewModel_HiltModules_KeyModule_Provide_LazyMapKey.java which willprevent incremental compilation.
Please file a bug at https://issuetracker.google.com/issues/new?component=413107.
w: [ksp] No dependencies reported for generated source com.ssbmax.ui.tests.StudentTestsViewModel_HiltModules_BindsModule_Binds_LazyMapKey.java which willprevent incremental compilation.
Please file a bug at https://issuetracker.google.com/issues/new?component=413107.
w: [ksp] No dependencies reported for generated source com.ssbmax.ui.tests.StudentTestsViewModel_HiltModules_KeyModule_Provide_LazyMapKey.java which willprevent incremental compilation.
Please file a bug at https://issuetracker.google.com/issues/new?component=413107.
w: [ksp] No dependencies reported for generated source com.ssbmax.ui.tests.gpe.GPETestViewModel_HiltModules_BindsModule_Binds_LazyMapKey.java which willprevent incremental compilation.
Please file a bug at https://issuetracker.google.com/issues/new?component=413107.
w: [ksp] No dependencies reported for generated source com.ssbmax.ui.tests.gpe.GPETestViewModel_HiltModules_KeyModule_Provide_LazyMapKey.java which willprevent incremental compilation.
Please file a bug at https://issuetracker.google.com/issues/new?component=413107.
w: [ksp] No dependencies reported for generated source com.ssbmax.ui.tests.gpe.GPESubmissionResultViewModel_HiltModules_BindsModule_Binds_LazyMapKey.java which willprevent incremental compilation.
Please file a bug at https://issuetracker.google.com/issues/new?component=413107.
w: [ksp] No dependencies reported for generated source com.ssbmax.ui.tests.gpe.GPESubmissionResultViewModel_HiltModules_KeyModule_Provide_LazyMapKey.java which willprevent incremental compilation.
Please file a bug at https://issuetracker.google.com/issues/new?component=413107.
w: [ksp] No dependencies reported for generated source com.ssbmax.ui.tests.wat.WATTestViewModel_HiltModules_BindsModule_Binds_LazyMapKey.java which willprevent incremental compilation.
Please file a bug at https://issuetracker.google.com/issues/new?component=413107.
w: [ksp] No dependencies reported for generated source com.ssbmax.ui.tests.wat.WATTestViewModel_HiltModules_KeyModule_Provide_LazyMapKey.java which willprevent incremental compilation.
Please file a bug at https://issuetracker.google.com/issues/new?component=413107.
w: [ksp] No dependencies reported for generated source com.ssbmax.ui.tests.wat.WATSubmissionResultViewModel_HiltModules_BindsModule_Binds_LazyMapKey.java which willprevent incremental compilation.
Please file a bug at https://issuetracker.google.com/issues/new?component=413107.
w: [ksp] No dependencies reported for generated source com.ssbmax.ui.tests.wat.WATSubmissionResultViewModel_HiltModules_KeyModule_Provide_LazyMapKey.java which willprevent incremental compilation.
Please file a bug at https://issuetracker.google.com/issues/new?component=413107.
w: [ksp] No dependencies reported for generated source com.ssbmax.ui.tests.ppdt.PPDTTestViewModel_HiltModules_BindsModule_Binds_LazyMapKey.java which willprevent incremental compilation.
Please file a bug at https://issuetracker.google.com/issues/new?component=413107.
w: [ksp] No dependencies reported for generated source com.ssbmax.ui.tests.ppdt.PPDTTestViewModel_HiltModules_KeyModule_Provide_LazyMapKey.java which willprevent incremental compilation.
Please file a bug at https://issuetracker.google.com/issues/new?component=413107.
w: [ksp] No dependencies reported for generated source com.ssbmax.ui.tests.ppdt.PPDTSubmissionResultViewModel_HiltModules_BindsModule_Binds_LazyMapKey.java which willprevent incremental compilation.
Please file a bug at https://issuetracker.google.com/issues/new?component=413107.
w: [ksp] No dependencies reported for generated source com.ssbmax.ui.tests.ppdt.PPDTSubmissionResultViewModel_HiltModules_KeyModule_Provide_LazyMapKey.java which willprevent incremental compilation.
Please file a bug at https://issuetracker.google.com/issues/new?component=413107.
w: [ksp] No dependencies reported for generated source com.ssbmax.ui.tests.tat.TATSubmissionResultViewModel_HiltModules_BindsModule_Binds_LazyMapKey.java which willprevent incremental compilation.
Please file a bug at https://issuetracker.google.com/issues/new?component=413107.
w: [ksp] No dependencies reported for generated source com.ssbmax.ui.tests.tat.TATSubmissionResultViewModel_HiltModules_KeyModule_Provide_LazyMapKey.java which willprevent incremental compilation.
Please file a bug at https://issuetracker.google.com/issues/new?component=413107.
w: [ksp] No dependencies reported for generated source com.ssbmax.ui.tests.tat.TATTestViewModel_HiltModules_BindsModule_Binds_LazyMapKey.java which willprevent incremental compilation.
Please file a bug at https://issuetracker.google.com/issues/new?component=413107.
w: [ksp] No dependencies reported for generated source com.ssbmax.ui.tests.tat.TATTestViewModel_HiltModules_KeyModule_Provide_LazyMapKey.java which willprevent incremental compilation.
Please file a bug at https://issuetracker.google.com/issues/new?component=413107.
w: [ksp] No dependencies reported for generated source com.ssbmax.ui.topic.TopicViewModel_HiltModules_BindsModule_Binds_LazyMapKey.java which willprevent incremental compilation.
Please file a bug at https://issuetracker.google.com/issues/new?component=413107.
w: [ksp] No dependencies reported for generated source com.ssbmax.ui.topic.TopicViewModel_HiltModules_KeyModule_Provide_LazyMapKey.java which willprevent incremental compilation.
Please file a bug at https://issuetracker.google.com/issues/new?component=413107.
w: [ksp] No dependencies reported for generated source com.ssbmax.ui.results.HistoricResultsViewModel_HiltModules_BindsModule_Binds_LazyMapKey.java which willprevent incremental compilation.
Please file a bug at https://issuetracker.google.com/issues/new?component=413107.
w: [ksp] No dependencies reported for generated source com.ssbmax.ui.results.HistoricResultsViewModel_HiltModules_KeyModule_Provide_LazyMapKey.java which willprevent incremental compilation.
Please file a bug at https://issuetracker.google.com/issues/new?component=413107.
w: [ksp] No dependencies reported for generated source com.ssbmax.ui.profile.StudentProfileViewModel_HiltModules_BindsModule_Binds_LazyMapKey.java which willprevent incremental compilation.
Please file a bug at https://issuetracker.google.com/issues/new?component=413107.
w: [ksp] No dependencies reported for generated source com.ssbmax.ui.profile.StudentProfileViewModel_HiltModules_KeyModule_Provide_LazyMapKey.java which willprevent incremental compilation.
Please file a bug at https://issuetracker.google.com/issues/new?component=413107.
w: [ksp] No dependencies reported for generated source com.ssbmax.ui.profile.UserProfileViewModel_HiltModules_BindsModule_Binds_LazyMapKey.java which willprevent incremental compilation.
Please file a bug at https://issuetracker.google.com/issues/new?component=413107.
w: [ksp] No dependencies reported for generated source com.ssbmax.ui.profile.UserProfileViewModel_HiltModules_KeyModule_Provide_LazyMapKey.java which willprevent incremental compilation.
Please file a bug at https://issuetracker.google.com/issues/new?component=413107.
w: [ksp] No dependencies reported for generated source com.ssbmax.ui.interview.result.InterviewResultViewModel_HiltModules_BindsModule_Binds_LazyMapKey.java which willprevent incremental compilation.
Please file a bug at https://issuetracker.google.com/issues/new?component=413107.
w: [ksp] No dependencies reported for generated source com.ssbmax.ui.interview.result.InterviewResultViewModel_HiltModules_KeyModule_Provide_LazyMapKey.java which willprevent incremental compilation.
Please file a bug at https://issuetracker.google.com/issues/new?component=413107.
w: [ksp] No dependencies reported for generated source com.ssbmax.ui.interview.start.StartInterviewViewModel_HiltModules_BindsModule_Binds_LazyMapKey.java which willprevent incremental compilation.
Please file a bug at https://issuetracker.google.com/issues/new?component=413107.
w: [ksp] No dependencies reported for generated source com.ssbmax.ui.interview.start.StartInterviewViewModel_HiltModules_KeyModule_Provide_LazyMapKey.java which willprevent incremental compilation.
Please file a bug at https://issuetracker.google.com/issues/new?component=413107.
w: [ksp] No dependencies reported for generated source com.ssbmax.ui.interview.session.InterviewSessionViewModel_HiltModules_BindsModule_Binds_LazyMapKey.java which willprevent incremental compilation.
Please file a bug at https://issuetracker.google.com/issues/new?component=413107.
w: [ksp] No dependencies reported for generated source com.ssbmax.ui.interview.session.InterviewSessionViewModel_HiltModules_KeyModule_Provide_LazyMapKey.java which willprevent incremental compilation.
Please file a bug at https://issuetracker.google.com/issues/new?component=413107.
w: [ksp] No dependencies reported for generated source com.ssbmax.ui.submissions.SubmissionDetailViewModel_HiltModules_BindsModule_Binds_LazyMapKey.java which willprevent incremental compilation.
Please file a bug at https://issuetracker.google.com/issues/new?component=413107.
w: [ksp] No dependencies reported for generated source com.ssbmax.ui.submissions.SubmissionDetailViewModel_HiltModules_KeyModule_Provide_LazyMapKey.java which willprevent incremental compilation.
Please file a bug at https://issuetracker.google.com/issues/new?component=413107.
w: [ksp] No dependencies reported for generated source com.ssbmax.ui.submissions.SubmissionsListViewModel_HiltModules_BindsModule_Binds_LazyMapKey.java which willprevent incremental compilation.
Please file a bug at https://issuetracker.google.com/issues/new?component=413107.
w: [ksp] No dependencies reported for generated source com.ssbmax.ui.submissions.SubmissionsListViewModel_HiltModules_KeyModule_Provide_LazyMapKey.java which willprevent incremental compilation.
Please file a bug at https://issuetracker.google.com/issues/new?component=413107.
w: [ksp] No dependencies reported for generated source com.ssbmax.ui.instructor.InstructorGradingViewModel_HiltModules_BindsModule_Binds_LazyMapKey.java which willprevent incremental compilation.
Please file a bug at https://issuetracker.google.com/issues/new?component=413107.
w: [ksp] No dependencies reported for generated source com.ssbmax.ui.instructor.InstructorGradingViewModel_HiltModules_KeyModule_Provide_LazyMapKey.java which willprevent incremental compilation.
Please file a bug at https://issuetracker.google.com/issues/new?component=413107.
w: [ksp] No dependencies reported for generated source com.ssbmax.ui.premium.UpgradeViewModel_HiltModules_BindsModule_Binds_LazyMapKey.java which willprevent incremental compilation.
Please file a bug at https://issuetracker.google.com/issues/new?component=413107.
w: [ksp] No dependencies reported for generated source com.ssbmax.ui.premium.UpgradeViewModel_HiltModules_KeyModule_Provide_LazyMapKey.java which willprevent incremental compilation.
Please file a bug at https://issuetracker.google.com/issues/new?component=413107.
w: [ksp] No dependencies reported for generated source com.ssbmax.ui.notifications.NotificationCenterViewModel_HiltModules_BindsModule_Binds_LazyMapKey.java which willprevent incremental compilation.
Please file a bug at https://issuetracker.google.com/issues/new?component=413107.
w: [ksp] No dependencies reported for generated source com.ssbmax.ui.notifications.NotificationCenterViewModel_HiltModules_KeyModule_Provide_LazyMapKey.java which willprevent incremental compilation.
Please file a bug at https://issuetracker.google.com/issues/new?component=413107.
w: [ksp] No dependencies reported for generated source com.ssbmax.ui.AppViewModel_HiltModules_BindsModule_Binds_LazyMapKey.java which willprevent incremental compilation.
Please file a bug at https://issuetracker.google.com/issues/new?component=413107.
w: [ksp] No dependencies reported for generated source com.ssbmax.ui.AppViewModel_HiltModules_KeyModule_Provide_LazyMapKey.java which willprevent incremental compilation.
Please file a bug at https://issuetracker.google.com/issues/new?component=413107.
w: [ksp] No dependencies reported for generated source com.ssbmax.ui.analytics.AnalyticsViewModel_HiltModules_BindsModule_Binds_LazyMapKey.java which willprevent incremental compilation.
Please file a bug at https://issuetracker.google.com/issues/new?component=413107.
w: [ksp] No dependencies reported for generated source com.ssbmax.ui.analytics.AnalyticsViewModel_HiltModules_KeyModule_Provide_LazyMapKey.java which willprevent incremental compilation.
Please file a bug at https://issuetracker.google.com/issues/new?component=413107.
w: [ksp] No dependencies reported for generated source com.ssbmax.ui.debug.MemoryLeakTestViewModel_HiltModules_BindsModule_Binds_LazyMapKey.java which willprevent incremental compilation.
Please file a bug at https://issuetracker.google.com/issues/new?component=413107.
w: [ksp] No dependencies reported for generated source com.ssbmax.ui.debug.MemoryLeakTestViewModel_HiltModules_KeyModule_Provide_LazyMapKey.java which willprevent incremental compilation.
Please file a bug at https://issuetracker.google.com/issues/new?component=413107.
w: [ksp] No dependencies reported for generated source com.ssbmax.MainViewModel_HiltModules_BindsModule_Binds_LazyMapKey.java which willprevent incremental compilation.
Please file a bug at https://issuetracker.google.com/issues/new?component=413107.
w: [ksp] No dependencies reported for generated source com.ssbmax.MainViewModel_HiltModules_KeyModule_Provide_LazyMapKey.java which willprevent incremental compilation.
Please file a bug at https://issuetracker.google.com/issues/new?component=413107.

> Task :app:compileDebugKotlin
> Task :app:compileReleaseKotlin
> Task :app:compileDebugJavaWithJavac
> Task :app:hiltAggregateDepsDebug UP-TO-DATE
> Task :app:hiltJavaCompileDebug
> Task :app:processDebugJavaRes
> Task :app:transformDebugClassesWithAsm
> Task :app:compileReleaseJavaWithJavac
> Task :app:hiltAggregateDepsRelease UP-TO-DATE
> Task :app:bundleDebugClassesToCompileJar
> Task :app:bundleDebugClassesToRuntimeJar
> Task :app:hiltJavaCompileRelease
> Task :app:processReleaseJavaRes
> Task :app:transformReleaseClassesWithAsm
> Task :app:kspDebugUnitTestKotlin
> Task :app:bundleReleaseClassesToCompileJar
> Task :app:bundleReleaseClassesToRuntimeJar
> Task :app:kspReleaseUnitTestKotlin

> Task :app:compileDebugUnitTestKotlin FAILED
e: file:///Users/sunil/Downloads/SSBMax/app/src/test/kotlin/com/ssbmax/workers/ArchivalWorkerTest.kt:14:12 Unresolved reference 'mockito'.
e: file:///Users/sunil/Downloads/SSBMax/app/src/test/kotlin/com/ssbmax/workers/ArchivalWorkerTest.kt:15:12 Unresolved reference 'mockito'.
e: file:///Users/sunil/Downloads/SSBMax/app/src/test/kotlin/com/ssbmax/workers/ArchivalWorkerTest.kt:16:12 Unresolved reference 'mockito'.
e: file:///Users/sunil/Downloads/SSBMax/app/src/test/kotlin/com/ssbmax/workers/ArchivalWorkerTest.kt:28:6 Unresolved reference 'Mock'.
e: file:///Users/sunil/Downloads/SSBMax/app/src/test/kotlin/com/ssbmax/workers/ArchivalWorkerTest.kt:33:9 Unresolved reference 'MockitoAnnotations'.
e: file:///Users/sunil/Downloads/SSBMax/app/src/test/kotlin/com/ssbmax/workers/ArchivalWorkerTest.kt:40:9 Unresolved reference 'when'.
e: file:///Users/sunil/Downloads/SSBMax/app/src/test/kotlin/com/ssbmax/workers/ArchivalWorkerTest.kt:54:9 Unresolved reference 'when'.
e: file:///Users/sunil/Downloads/SSBMax/app/src/test/kotlin/com/ssbmax/workers/ArchivalWorkerTest.kt:55:32 Cannot infer type for this parameter. Please specify it explicitly.
e: file:///Users/sunil/Downloads/SSBMax/app/src/test/kotlin/com/ssbmax/workers/ArchivalWorkerTest.kt:70:9 Unresolved reference 'when'.
e: file:///Users/sunil/Downloads/SSBMax/app/src/test/kotlin/com/ssbmax/workers/ArchivalWorkerTest.kt:71:32 Cannot infer type for this parameter. Please specify it explicitly.

> Task :app:compileReleaseUnitTestKotlin FAILED
e: file:///Users/sunil/Downloads/SSBMax/app/src/test/kotlin/com/ssbmax/workers/ArchivalWorkerTest.kt:14:12 Unresolved reference 'mockito'.
e: file:///Users/sunil/Downloads/SSBMax/app/src/test/kotlin/com/ssbmax/workers/ArchivalWorkerTest.kt:15:12 Unresolved reference 'mockito'.
e: file:///Users/sunil/Downloads/SSBMax/app/src/test/kotlin/com/ssbmax/workers/ArchivalWorkerTest.kt:16:12 Unresolved reference 'mockito'.
e: file:///Users/sunil/Downloads/SSBMax/app/src/test/kotlin/com/ssbmax/workers/ArchivalWorkerTest.kt:28:6 Unresolved reference 'Mock'.
e: file:///Users/sunil/Downloads/SSBMax/app/src/test/kotlin/com/ssbmax/workers/ArchivalWorkerTest.kt:33:9 Unresolved reference 'MockitoAnnotations'.
e: file:///Users/sunil/Downloads/SSBMax/app/src/test/kotlin/com/ssbmax/workers/ArchivalWorkerTest.kt:40:9 Unresolved reference 'when'.
e: file:///Users/sunil/Downloads/SSBMax/app/src/test/kotlin/com/ssbmax/workers/ArchivalWorkerTest.kt:54:9 Unresolved reference 'when'.
e: file:///Users/sunil/Downloads/SSBMax/app/src/test/kotlin/com/ssbmax/workers/ArchivalWorkerTest.kt:55:32 Cannot infer type for this parameter. Please specify it explicitly.
e: file:///Users/sunil/Downloads/SSBMax/app/src/test/kotlin/com/ssbmax/workers/ArchivalWorkerTest.kt:70:9 Unresolved reference 'when'.
e: file:///Users/sunil/Downloads/SSBMax/app/src/test/kotlin/com/ssbmax/workers/ArchivalWorkerTest.kt:71:32 Cannot infer type for this parameter. Please specify it explicitly.

FAILURE: Build completed with 4 failures.

1: Task failed with an exception.
-----------
* What went wrong:
Execution failed for task ':core:data:compileDebugUnitTestKotlin'.
> A failure occurred while executing org.jetbrains.kotlin.compilerRunner.GradleCompilerRunnerWithWorkers$GradleKotlinCompilerWorkAction
   > Compilation error. See log for more details

* Try:
> Run with --stacktrace option to get the stack trace.
> Run with --info or --debug option to get more log output.
> Run with --scan to get full insights.
> Get more help at https://help.gradle.org.
==============================================================================

2: Task failed with an exception.
-----------
* What went wrong:
Execution failed for task ':core:data:compileReleaseUnitTestKotlin'.
> A failure occurred while executing org.jetbrains.kotlin.compilerRunner.GradleCompilerRunnerWithWorkers$GradleKotlinCompilerWorkAction
   > Compilation error. See log for more details

* Try:
> Run with --stacktrace option to get the stack trace.
> Run with --info or --debug option to get more log output.
> Run with --scan to get full insights.
> Get more help at https://help.gradle.org.
==============================================================================

3: Task failed with an exception.
-----------
* What went wrong:
Execution failed for task ':app:compileDebugUnitTestKotlin'.
> A failure occurred while executing org.jetbrains.kotlin.compilerRunner.GradleCompilerRunnerWithWorkers$GradleKotlinCompilerWorkAction
   > Compilation error. See log for more details

* Try:
> Run with --stacktrace option to get the stack trace.
> Run with --info or --debug option to get more log output.
> Run with --scan to get full insights.
> Get more help at https://help.gradle.org.
==============================================================================

4: Task failed with an exception.
-----------
* What went wrong:
Execution failed for task ':app:compileReleaseUnitTestKotlin'.
> A failure occurred while executing org.jetbrains.kotlin.compilerRunner.GradleCompilerRunnerWithWorkers$GradleKotlinCompilerWorkAction
   > Compilation error. See log for more details

* Try:
> Run with --stacktrace option to get the stack trace.
> Run with --info or --debug option to get more log output.
> Run with --scan to get full insights.
> Get more help at https://help.gradle.org.
==============================================================================

BUILD FAILED in 20s
251 actionable tasks: 27 executed, 224 up-to-date
